{"/Users/kevin/Documents/Github/fluxor/backend/config/redis.js": {"path":"/Users/kevin/Documents/Github/fluxor/backend/config/redis.js","statementMap":{"0":{"start":{"line":1,"column":25},"end":{"line":1,"column":41}},"1":{"start":{"line":2,"column":14},"end":{"line":2,"column":29}},"2":{"start":{"line":3,"column":0},"end":{"line":3,"column":27}},"3":{"start":{"line":6,"column":20},"end":{"line":8,"column":2}},"4":{"start":{"line":10,"column":0},"end":{"line":12,"column":3}},"5":{"start":{"line":11,"column":2},"end":{"line":11,"column":43}},"6":{"start":{"line":14,"column":0},"end":{"line":16,"column":3}},"7":{"start":{"line":15,"column":2},"end":{"line":15,"column":46}},"8":{"start":{"line":19,"column":0},"end":{"line":21,"column":5}},"9":{"start":{"line":20,"column":2},"end":{"line":20,"column":30}},"10":{"start":{"line":24,"column":25},"end":{"line":24,"column":73}},"11":{"start":{"line":25,"column":22},"end":{"line":25,"column":66}},"12":{"start":{"line":26,"column":19},"end":{"line":26,"column":61}},"13":{"start":{"line":29,"column":30},"end":{"line":32,"column":1}},"14":{"start":{"line":33,"column":33},"end":{"line":36,"column":1}},"15":{"start":{"line":37,"column":32},"end":{"line":40,"column":1}},"16":{"start":{"line":41,"column":31},"end":{"line":44,"column":1}},"17":{"start":{"line":47,"column":24},"end":{"line":47,"column":71}},"18":{"start":{"line":48,"column":22},"end":{"line":48,"column":67}},"19":{"start":{"line":49,"column":24},"end":{"line":49,"column":71}},"20":{"start":{"line":50,"column":27},"end":{"line":50,"column":78}},"21":{"start":{"line":53,"column":32},"end":{"line":56,"column":1}},"22":{"start":{"line":57,"column":27},"end":{"line":57,"column":77}},"23":{"start":{"line":58,"column":26},"end":{"line":58,"column":75}},"24":{"start":{"line":59,"column":30},"end":{"line":62,"column":1}},"25":{"start":{"line":63,"column":35},"end":{"line":66,"column":1}},"26":{"start":{"line":67,"column":30},"end":{"line":70,"column":1}},"27":{"start":{"line":71,"column":33},"end":{"line":74,"column":1}},"28":{"start":{"line":76,"column":0},"end":{"line":100,"column":2}}},"fnMap":{"0":{"name":"(anonymous_0)","decl":{"start":{"line":10,"column":24},"end":{"line":10,"column":25}},"loc":{"start":{"line":10,"column":33},"end":{"line":12,"column":1}},"line":10},"1":{"name":"(anonymous_1)","decl":{"start":{"line":14,"column":26},"end":{"line":14,"column":27}},"loc":{"start":{"line":14,"column":32},"end":{"line":16,"column":1}},"line":14},"2":{"name":"(anonymous_2)","decl":{"start":{"line":19,"column":1},"end":{"line":19,"column":2}},"loc":{"start":{"line":19,"column":13},"end":{"line":21,"column":1}},"line":19}},"branchMap":{},"s":{"0":1,"1":1,"2":1,"3":1,"4":1,"5":0,"6":1,"7":0,"8":1,"9":1,"10":1,"11":1,"12":1,"13":1,"14":1,"15":1,"16":1,"17":1,"18":1,"19":1,"20":1,"21":1,"22":1,"23":1,"24":1,"25":1,"26":1,"27":1,"28":1},"f":{"0":0,"1":0,"2":1},"b":{},"_coverageSchema":"1a1c01bbd47fc00a2c39e90264f33305004495a9","hash":"436af0f052c795e929c52df1d5e7f81e42aaa498"}
,"/Users/kevin/Documents/Github/fluxor/backend/src/__tests__/setup/testDb.js": {"path":"/Users/kevin/Documents/Github/fluxor/backend/src/__tests__/setup/testDb.js","statementMap":{"0":{"start":{"line":7,"column":17},"end":{"line":7,"column":30}},"1":{"start":{"line":8,"column":0},"end":{"line":8,"column":27}},"2":{"start":{"line":12,"column":2},"end":{"line":17,"column":4}},"3":{"start":{"line":19,"column":17},"end":{"line":24,"column":2}},"4":{"start":{"line":27,"column":19},"end":{"line":30,"column":1}},"5":{"start":{"line":32,"column":15},"end":{"line":37,"column":1}},"6":{"start":{"line":40,"column":20},"end":{"line":50,"column":1}},"7":{"start":{"line":41,"column":2},"end":{"line":41,"column":27}},"8":{"start":{"line":42,"column":2},"end":{"line":42,"column":31}},"9":{"start":{"line":43,"column":2},"end":{"line":43,"column":29}},"10":{"start":{"line":44,"column":2},"end":{"line":44,"column":25}},"11":{"start":{"line":45,"column":2},"end":{"line":45,"column":31}},"12":{"start":{"line":46,"column":2},"end":{"line":46,"column":33}},"13":{"start":{"line":49,"column":2},"end":{"line":49,"column":49}},"14":{"start":{"line":53,"column":23},"end":{"line":58,"column":1}},"15":{"start":{"line":54,"column":2},"end":{"line":57,"column":5}},"16":{"start":{"line":55,"column":4},"end":{"line":55,"column":59}},"17":{"start":{"line":56,"column":4},"end":{"line":56,"column":63}},"18":{"start":{"line":60,"column":0},"end":{"line":66,"column":2}}},"fnMap":{"0":{"name":"(anonymous_0)","decl":{"start":{"line":40,"column":20},"end":{"line":40,"column":21}},"loc":{"start":{"line":40,"column":26},"end":{"line":50,"column":1}},"line":40},"1":{"name":"(anonymous_1)","decl":{"start":{"line":53,"column":23},"end":{"line":53,"column":24}},"loc":{"start":{"line":53,"column":38},"end":{"line":58,"column":1}},"line":53},"2":{"name":"(anonymous_2)","decl":{"start":{"line":54,"column":20},"end":{"line":54,"column":21}},"loc":{"start":{"line":54,"column":41},"end":{"line":57,"column":3}},"line":54}},"branchMap":{"0":{"loc":{"start":{"line":12,"column":2},"end":{"line":17,"column":4}},"type":"binary-expr","locations":[{"start":{"line":12,"column":2},"end":{"line":12,"column":31}},{"start":{"line":13,"column":2},"end":{"line":17,"column":4}}],"line":12},"1":{"loc":{"start":{"line":13,"column":18},"end":{"line":13,"column":51}},"type":"binary-expr","locations":[{"start":{"line":13,"column":18},"end":{"line":13,"column":37}},{"start":{"line":13,"column":41},"end":{"line":13,"column":51}}],"line":13},"2":{"loc":{"start":{"line":14,"column":4},"end":{"line":14,"column":41}},"type":"binary-expr","locations":[{"start":{"line":14,"column":4},"end":{"line":14,"column":27}},{"start":{"line":14,"column":31},"end":{"line":14,"column":41}}],"line":14},"3":{"loc":{"start":{"line":15,"column":6},"end":{"line":15,"column":40}},"type":"binary-expr","locations":[{"start":{"line":15,"column":6},"end":{"line":15,"column":25}},{"start":{"line":15,"column":29},"end":{"line":15,"column":40}}],"line":15},"4":{"loc":{"start":{"line":15,"column":44},"end":{"line":15,"column":73}},"type":"binary-expr","locations":[{"start":{"line":15,"column":44},"end":{"line":15,"column":63}},{"start":{"line":15,"column":67},"end":{"line":15,"column":73}}],"line":15},"5":{"loc":{"start":{"line":16,"column":4},"end":{"line":16,"column":43}},"type":"binary-expr","locations":[{"start":{"line":16,"column":4},"end":{"line":16,"column":23}},{"start":{"line":16,"column":27},"end":{"line":16,"column":43}}],"line":16}},"s":{"0":8,"1":8,"2":8,"3":8,"4":8,"5":8,"6":8,"7":35,"8":35,"9":35,"10":35,"11":35,"12":35,"13":35,"14":8,"15":14,"16":25,"17":25,"18":8},"f":{"0":35,"1":14,"2":25},"b":{"0":[8,8],"1":[8,8],"2":[8,8],"3":[8,8],"4":[8,8],"5":[8,8]},"_coverageSchema":"1a1c01bbd47fc00a2c39e90264f33305004495a9","hash":"7dfacde7c3364f0c0e2515c55fffe8d338d94efc"}
,"/Users/kevin/Documents/Github/fluxor/backend/src/models/Analytics.js": {"path":"/Users/kevin/Documents/Github/fluxor/backend/src/models/Analytics.js","statementMap":{"0":{"start":{"line":1,"column":11},"end":{"line":1,"column":43}},"1":{"start":{"line":2,"column":23},"end":{"line":2,"column":38}},"2":{"start":{"line":11,"column":16},"end":{"line":23,"column":5}},"3":{"start":{"line":25,"column":19},"end":{"line":25,"column":28}},"4":{"start":{"line":27,"column":4},"end":{"line":30,"column":5}},"5":{"start":{"line":28,"column":6},"end":{"line":28,"column":59}},"6":{"start":{"line":29,"column":6},"end":{"line":29,"column":29}},"7":{"start":{"line":32,"column":4},"end":{"line":40,"column":6}},"8":{"start":{"line":42,"column":4},"end":{"line":44,"column":5}},"9":{"start":{"line":43,"column":6},"end":{"line":43,"column":64}},"10":{"start":{"line":46,"column":4},"end":{"line":67,"column":36}},"11":{"start":{"line":69,"column":19},"end":{"line":69,"column":48}},"12":{"start":{"line":70,"column":4},"end":{"line":70,"column":23}},"13":{"start":{"line":75,"column":18},"end":{"line":126,"column":61}},"14":{"start":{"line":128,"column":19},"end":{"line":128,"column":51}},"15":{"start":{"line":129,"column":4},"end":{"line":129,"column":23}},"16":{"start":{"line":134,"column":16},"end":{"line":162,"column":5}},"17":{"start":{"line":164,"column":19},"end":{"line":164,"column":28}},"18":{"start":{"line":166,"column":4},"end":{"line":169,"column":5}},"19":{"start":{"line":167,"column":6},"end":{"line":167,"column":59}},"20":{"start":{"line":168,"column":6},"end":{"line":168,"column":29}},"21":{"start":{"line":171,"column":4},"end":{"line":171,"column":50}},"22":{"start":{"line":173,"column":19},"end":{"line":173,"column":48}},"23":{"start":{"line":174,"column":4},"end":{"line":174,"column":23}},"24":{"start":{"line":183,"column":16},"end":{"line":198,"column":5}},"25":{"start":{"line":200,"column":19},"end":{"line":200,"column":28}},"26":{"start":{"line":202,"column":4},"end":{"line":205,"column":5}},"27":{"start":{"line":203,"column":6},"end":{"line":203,"column":59}},"28":{"start":{"line":204,"column":6},"end":{"line":204,"column":29}},"29":{"start":{"line":207,"column":4},"end":{"line":236,"column":34}},"30":{"start":{"line":238,"column":19},"end":{"line":238,"column":48}},"31":{"start":{"line":239,"column":4},"end":{"line":239,"column":23}},"32":{"start":{"line":244,"column":18},"end":{"line":319,"column":24}},"33":{"start":{"line":321,"column":19},"end":{"line":321,"column":51}},"34":{"start":{"line":322,"column":4},"end":{"line":322,"column":23}},"35":{"start":{"line":327,"column":4},"end":{"line":420,"column":5}},"36":{"start":{"line":334,"column":10},"end":{"line":340,"column":8}},"37":{"start":{"line":343,"column":28},"end":{"line":343,"column":53}},"38":{"start":{"line":344,"column":36},"end":{"line":346,"column":14}},"39":{"start":{"line":345,"column":15},"end":{"line":345,"column":44}},"40":{"start":{"line":347,"column":31},"end":{"line":349,"column":14}},"41":{"start":{"line":348,"column":15},"end":{"line":348,"column":39}},"42":{"start":{"line":350,"column":32},"end":{"line":352,"column":14}},"43":{"start":{"line":351,"column":15},"end":{"line":351,"column":45}},"44":{"start":{"line":354,"column":34},"end":{"line":357,"column":7}},"45":{"start":{"line":355,"column":26},"end":{"line":355,"column":62}},"46":{"start":{"line":358,"column":32},"end":{"line":361,"column":7}},"47":{"start":{"line":359,"column":26},"end":{"line":359,"column":66}},"48":{"start":{"line":364,"column":8},"end":{"line":369,"column":13}},"49":{"start":{"line":366,"column":32},"end":{"line":366,"column":67}},"50":{"start":{"line":371,"column":31},"end":{"line":374,"column":7}},"51":{"start":{"line":372,"column":26},"end":{"line":372,"column":59}},"52":{"start":{"line":376,"column":8},"end":{"line":381,"column":13}},"53":{"start":{"line":378,"column":32},"end":{"line":378,"column":74}},"54":{"start":{"line":384,"column":8},"end":{"line":389,"column":13}},"55":{"start":{"line":386,"column":32},"end":{"line":386,"column":76}},"56":{"start":{"line":391,"column":6},"end":{"line":416,"column":8}},"57":{"start":{"line":418,"column":6},"end":{"line":418,"column":67}},"58":{"start":{"line":419,"column":6},"end":{"line":419,"column":18}},"59":{"start":{"line":425,"column":20},"end":{"line":425,"column":28}},"60":{"start":{"line":426,"column":22},"end":{"line":426,"column":67}},"61":{"start":{"line":428,"column":4},"end":{"line":437,"column":6}},"62":{"start":{"line":442,"column":19},"end":{"line":446,"column":5}},"63":{"start":{"line":448,"column":4},"end":{"line":450,"column":13}},"64":{"start":{"line":455,"column":19},"end":{"line":457,"column":5}},"65":{"start":{"line":459,"column":4},"end":{"line":459,"column":71}},"66":{"start":{"line":460,"column":4},"end":{"line":460,"column":30}},"67":{"start":{"line":465,"column":4},"end":{"line":465,"column":71}},"68":{"start":{"line":469,"column":4},"end":{"line":469,"column":55}},"69":{"start":{"line":473,"column":4},"end":{"line":473,"column":59}},"70":{"start":{"line":477,"column":4},"end":{"line":477,"column":66}},"71":{"start":{"line":481,"column":4},"end":{"line":481,"column":56}},"72":{"start":{"line":485,"column":21},"end":{"line":485,"column":47}},"73":{"start":{"line":486,"column":4},"end":{"line":486,"column":59}},"74":{"start":{"line":490,"column":21},"end":{"line":490,"column":47}},"75":{"start":{"line":491,"column":4},"end":{"line":491,"column":45}},"76":{"start":{"line":495,"column":0},"end":{"line":495,"column":27}}},"fnMap":{"0":{"name":"(anonymous_0)","decl":{"start":{"line":6,"column":2},"end":{"line":6,"column":3}},"loc":{"start":{"line":10,"column":4},"end":{"line":71,"column":3}},"line":10},"1":{"name":"(anonymous_1)","decl":{"start":{"line":74,"column":2},"end":{"line":74,"column":3}},"loc":{"start":{"line":74,"column":66},"end":{"line":130,"column":3}},"line":74},"2":{"name":"(anonymous_2)","decl":{"start":{"line":133,"column":2},"end":{"line":133,"column":3}},"loc":{"start":{"line":133,"column":65},"end":{"line":175,"column":3}},"line":133},"3":{"name":"(anonymous_3)","decl":{"start":{"line":178,"column":2},"end":{"line":178,"column":3}},"loc":{"start":{"line":182,"column":4},"end":{"line":240,"column":3}},"line":182},"4":{"name":"(anonymous_4)","decl":{"start":{"line":243,"column":2},"end":{"line":243,"column":3}},"loc":{"start":{"line":243,"column":67},"end":{"line":323,"column":3}},"line":243},"5":{"name":"(anonymous_5)","decl":{"start":{"line":326,"column":2},"end":{"line":326,"column":3}},"loc":{"start":{"line":326,"column":44},"end":{"line":421,"column":3}},"line":326},"6":{"name":"(anonymous_6)","decl":{"start":{"line":345,"column":8},"end":{"line":345,"column":9}},"loc":{"start":{"line":345,"column":15},"end":{"line":345,"column":44}},"line":345},"7":{"name":"(anonymous_7)","decl":{"start":{"line":348,"column":8},"end":{"line":348,"column":9}},"loc":{"start":{"line":348,"column":15},"end":{"line":348,"column":39}},"line":348},"8":{"name":"(anonymous_8)","decl":{"start":{"line":351,"column":8},"end":{"line":351,"column":9}},"loc":{"start":{"line":351,"column":15},"end":{"line":351,"column":45}},"line":351},"9":{"name":"(anonymous_9)","decl":{"start":{"line":355,"column":8},"end":{"line":355,"column":9}},"loc":{"start":{"line":355,"column":26},"end":{"line":355,"column":62}},"line":355},"10":{"name":"(anonymous_10)","decl":{"start":{"line":359,"column":8},"end":{"line":359,"column":9}},"loc":{"start":{"line":359,"column":26},"end":{"line":359,"column":66}},"line":359},"11":{"name":"(anonymous_11)","decl":{"start":{"line":366,"column":14},"end":{"line":366,"column":15}},"loc":{"start":{"line":366,"column":32},"end":{"line":366,"column":67}},"line":366},"12":{"name":"(anonymous_12)","decl":{"start":{"line":372,"column":8},"end":{"line":372,"column":9}},"loc":{"start":{"line":372,"column":26},"end":{"line":372,"column":59}},"line":372},"13":{"name":"(anonymous_13)","decl":{"start":{"line":378,"column":14},"end":{"line":378,"column":15}},"loc":{"start":{"line":378,"column":32},"end":{"line":378,"column":74}},"line":378},"14":{"name":"(anonymous_14)","decl":{"start":{"line":386,"column":14},"end":{"line":386,"column":15}},"loc":{"start":{"line":386,"column":32},"end":{"line":386,"column":76}},"line":386},"15":{"name":"(anonymous_15)","decl":{"start":{"line":424,"column":2},"end":{"line":424,"column":3}},"loc":{"start":{"line":424,"column":63},"end":{"line":438,"column":3}},"line":424},"16":{"name":"(anonymous_16)","decl":{"start":{"line":441,"column":2},"end":{"line":441,"column":3}},"loc":{"start":{"line":441,"column":44},"end":{"line":451,"column":3}},"line":441},"17":{"name":"(anonymous_17)","decl":{"start":{"line":454,"column":2},"end":{"line":454,"column":3}},"loc":{"start":{"line":454,"column":35},"end":{"line":461,"column":3}},"line":454},"18":{"name":"(anonymous_18)","decl":{"start":{"line":464,"column":2},"end":{"line":464,"column":3}},"loc":{"start":{"line":464,"column":64},"end":{"line":466,"column":3}},"line":464},"19":{"name":"(anonymous_19)","decl":{"start":{"line":468,"column":2},"end":{"line":468,"column":3}},"loc":{"start":{"line":468,"column":48},"end":{"line":470,"column":3}},"line":468},"20":{"name":"(anonymous_20)","decl":{"start":{"line":472,"column":2},"end":{"line":472,"column":3}},"loc":{"start":{"line":472,"column":52},"end":{"line":474,"column":3}},"line":472},"21":{"name":"(anonymous_21)","decl":{"start":{"line":476,"column":2},"end":{"line":476,"column":3}},"loc":{"start":{"line":476,"column":59},"end":{"line":478,"column":3}},"line":476},"22":{"name":"(anonymous_22)","decl":{"start":{"line":480,"column":2},"end":{"line":480,"column":3}},"loc":{"start":{"line":480,"column":47},"end":{"line":482,"column":3}},"line":480},"23":{"name":"(anonymous_23)","decl":{"start":{"line":484,"column":2},"end":{"line":484,"column":3}},"loc":{"start":{"line":484,"column":66},"end":{"line":487,"column":3}},"line":484},"24":{"name":"(anonymous_24)","decl":{"start":{"line":489,"column":2},"end":{"line":489,"column":3}},"loc":{"start":{"line":489,"column":49},"end":{"line":492,"column":3}},"line":489}},"branchMap":{"0":{"loc":{"start":{"line":8,"column":4},"end":{"line":8,"column":22}},"type":"default-arg","locations":[{"start":{"line":8,"column":13},"end":{"line":8,"column":22}}],"line":8},"1":{"loc":{"start":{"line":9,"column":4},"end":{"line":9,"column":20}},"type":"default-arg","locations":[{"start":{"line":9,"column":16},"end":{"line":9,"column":20}}],"line":9},"2":{"loc":{"start":{"line":27,"column":4},"end":{"line":30,"column":5}},"type":"if","locations":[{"start":{"line":27,"column":4},"end":{"line":30,"column":5}},{"start":{},"end":{}}],"line":27},"3":{"loc":{"start":{"line":42,"column":4},"end":{"line":44,"column":5}},"type":"if","locations":[{"start":{"line":42,"column":4},"end":{"line":44,"column":5}},{"start":{},"end":{}}],"line":42},"4":{"loc":{"start":{"line":43,"column":39},"end":{"line":43,"column":61}},"type":"cond-expr","locations":[{"start":{"line":43,"column":51},"end":{"line":43,"column":52}},{"start":{"line":43,"column":55},"end":{"line":43,"column":61}}],"line":43},"5":{"loc":{"start":{"line":74,"column":46},"end":{"line":74,"column":64}},"type":"default-arg","locations":[{"start":{"line":74,"column":55},"end":{"line":74,"column":64}}],"line":74},"6":{"loc":{"start":{"line":133,"column":47},"end":{"line":133,"column":63}},"type":"default-arg","locations":[{"start":{"line":133,"column":59},"end":{"line":133,"column":63}}],"line":133},"7":{"loc":{"start":{"line":166,"column":4},"end":{"line":169,"column":5}},"type":"if","locations":[{"start":{"line":166,"column":4},"end":{"line":169,"column":5}},{"start":{},"end":{}}],"line":166},"8":{"loc":{"start":{"line":180,"column":4},"end":{"line":180,"column":22}},"type":"default-arg","locations":[{"start":{"line":180,"column":13},"end":{"line":180,"column":22}}],"line":180},"9":{"loc":{"start":{"line":181,"column":4},"end":{"line":181,"column":20}},"type":"default-arg","locations":[{"start":{"line":181,"column":16},"end":{"line":181,"column":20}}],"line":181},"10":{"loc":{"start":{"line":202,"column":4},"end":{"line":205,"column":5}},"type":"if","locations":[{"start":{"line":202,"column":4},"end":{"line":205,"column":5}},{"start":{},"end":{}}],"line":202},"11":{"loc":{"start":{"line":243,"column":47},"end":{"line":243,"column":65}},"type":"default-arg","locations":[{"start":{"line":243,"column":56},"end":{"line":243,"column":65}}],"line":243},"12":{"loc":{"start":{"line":355,"column":33},"end":{"line":355,"column":61}},"type":"binary-expr","locations":[{"start":{"line":355,"column":33},"end":{"line":355,"column":56}},{"start":{"line":355,"column":60},"end":{"line":355,"column":61}}],"line":355},"13":{"loc":{"start":{"line":359,"column":33},"end":{"line":359,"column":65}},"type":"binary-expr","locations":[{"start":{"line":359,"column":33},"end":{"line":359,"column":60}},{"start":{"line":359,"column":64},"end":{"line":359,"column":65}}],"line":359},"14":{"loc":{"start":{"line":364,"column":8},"end":{"line":369,"column":13}},"type":"cond-expr","locations":[{"start":{"line":365,"column":12},"end":{"line":368,"column":35}},{"start":{"line":369,"column":12},"end":{"line":369,"column":13}}],"line":364},"15":{"loc":{"start":{"line":366,"column":39},"end":{"line":366,"column":66}},"type":"binary-expr","locations":[{"start":{"line":366,"column":39},"end":{"line":366,"column":61}},{"start":{"line":366,"column":65},"end":{"line":366,"column":66}}],"line":366},"16":{"loc":{"start":{"line":372,"column":33},"end":{"line":372,"column":58}},"type":"binary-expr","locations":[{"start":{"line":372,"column":33},"end":{"line":372,"column":53}},{"start":{"line":372,"column":57},"end":{"line":372,"column":58}}],"line":372},"17":{"loc":{"start":{"line":376,"column":8},"end":{"line":381,"column":13}},"type":"cond-expr","locations":[{"start":{"line":377,"column":12},"end":{"line":380,"column":35}},{"start":{"line":381,"column":12},"end":{"line":381,"column":13}}],"line":376},"18":{"loc":{"start":{"line":378,"column":39},"end":{"line":378,"column":73}},"type":"binary-expr","locations":[{"start":{"line":378,"column":39},"end":{"line":378,"column":68}},{"start":{"line":378,"column":72},"end":{"line":378,"column":73}}],"line":378},"19":{"loc":{"start":{"line":384,"column":8},"end":{"line":389,"column":13}},"type":"cond-expr","locations":[{"start":{"line":385,"column":12},"end":{"line":388,"column":33}},{"start":{"line":389,"column":12},"end":{"line":389,"column":13}}],"line":384},"20":{"loc":{"start":{"line":386,"column":39},"end":{"line":386,"column":75}},"type":"binary-expr","locations":[{"start":{"line":386,"column":39},"end":{"line":386,"column":70}},{"start":{"line":386,"column":74},"end":{"line":386,"column":75}}],"line":386},"21":{"loc":{"start":{"line":400,"column":12},"end":{"line":403,"column":17}},"type":"cond-expr","locations":[{"start":{"line":401,"column":16},"end":{"line":402,"column":19}},{"start":{"line":403,"column":16},"end":{"line":403,"column":17}}],"line":400},"22":{"loc":{"start":{"line":424,"column":46},"end":{"line":424,"column":61}},"type":"default-arg","locations":[{"start":{"line":424,"column":59},"end":{"line":424,"column":61}}],"line":424},"23":{"loc":{"start":{"line":448,"column":11},"end":{"line":450,"column":12}},"type":"cond-expr","locations":[{"start":{"line":449,"column":8},"end":{"line":449,"column":45}},{"start":{"line":450,"column":8},"end":{"line":450,"column":12}}],"line":448}},"s":{"0":1,"1":1,"2":2,"3":2,"4":2,"5":0,"6":0,"7":2,"8":2,"9":0,"10":2,"11":2,"12":2,"13":2,"14":2,"15":2,"16":1,"17":1,"18":1,"19":0,"20":0,"21":1,"22":1,"23":1,"24":1,"25":1,"26":1,"27":0,"28":0,"29":1,"30":1,"31":1,"32":1,"33":1,"34":1,"35":1,"36":1,"37":1,"38":1,"39":1,"40":1,"41":1,"42":1,"43":1,"44":1,"45":1,"46":1,"47":1,"48":1,"49":1,"50":1,"51":1,"52":1,"53":1,"54":1,"55":1,"56":1,"57":0,"58":0,"59":1,"60":1,"61":1,"62":1,"63":1,"64":0,"65":0,"66":0,"67":0,"68":0,"69":0,"70":0,"71":0,"72":0,"73":0,"74":0,"75":0,"76":1},"f":{"0":2,"1":2,"2":1,"3":1,"4":1,"5":1,"6":1,"7":1,"8":1,"9":1,"10":1,"11":1,"12":1,"13":1,"14":1,"15":1,"16":1,"17":0,"18":0,"19":0,"20":0,"21":0,"22":0,"23":0,"24":0},"b":{"0":[0],"1":[2],"2":[0,2],"3":[0,2],"4":[0,0],"5":[0],"6":[1],"7":[0,1],"8":[0],"9":[1],"10":[0,1],"11":[0],"12":[1,1],"13":[1,0],"14":[1,0],"15":[1,1],"16":[1,1],"17":[1,0],"18":[1,1],"19":[1,0],"20":[1,1],"21":[0,1],"22":[0],"23":[1,0]},"_coverageSchema":"1a1c01bbd47fc00a2c39e90264f33305004495a9","hash":"0bc9a6b98894f07bbea005ef91ae9936ff53ffe6"}
,"/Users/kevin/Documents/Github/fluxor/backend/src/models/ForecastAccuracy.js": {"path":"/Users/kevin/Documents/Github/fluxor/backend/src/models/ForecastAccuracy.js","statementMap":{"0":{"start":{"line":1,"column":11},"end":{"line":1,"column":43}},"1":{"start":{"line":2,"column":23},"end":{"line":2,"column":38}},"2":{"start":{"line":16,"column":23},"end":{"line":16,"column":31}},"3":{"start":{"line":18,"column":19},"end":{"line":38,"column":5}},"4":{"start":{"line":40,"column":4},"end":{"line":40,"column":26}},"5":{"start":{"line":47,"column":4},"end":{"line":49,"column":5}},"6":{"start":{"line":48,"column":6},"end":{"line":48,"column":16}},"7":{"start":{"line":51,"column":19},"end":{"line":60,"column":16}},"8":{"start":{"line":54,"column":10},"end":{"line":58,"column":57}},"9":{"start":{"line":62,"column":18},"end":{"line":73,"column":5}},"10":{"start":{"line":75,"column":19},"end":{"line":75,"column":40}},"11":{"start":{"line":76,"column":4},"end":{"line":76,"column":23}},"12":{"start":{"line":83,"column":16},"end":{"line":91,"column":5}},"13":{"start":{"line":92,"column":19},"end":{"line":92,"column":30}},"14":{"start":{"line":94,"column":4},"end":{"line":97,"column":5}},"15":{"start":{"line":95,"column":6},"end":{"line":95,"column":64}},"16":{"start":{"line":96,"column":6},"end":{"line":96,"column":29}},"17":{"start":{"line":99,"column":4},"end":{"line":102,"column":5}},"18":{"start":{"line":100,"column":6},"end":{"line":100,"column":64}},"19":{"start":{"line":101,"column":6},"end":{"line":101,"column":27}},"20":{"start":{"line":104,"column":4},"end":{"line":104,"column":47}},"21":{"start":{"line":106,"column":19},"end":{"line":106,"column":48}},"22":{"start":{"line":107,"column":4},"end":{"line":107,"column":23}},"23":{"start":{"line":120,"column":4},"end":{"line":132,"column":5}},"24":{"start":{"line":122,"column":8},"end":{"line":122,"column":48}},"25":{"start":{"line":123,"column":8},"end":{"line":123,"column":14}},"26":{"start":{"line":125,"column":8},"end":{"line":125,"column":62}},"27":{"start":{"line":126,"column":8},"end":{"line":126,"column":14}},"28":{"start":{"line":128,"column":8},"end":{"line":128,"column":63}},"29":{"start":{"line":129,"column":8},"end":{"line":129,"column":14}},"30":{"start":{"line":131,"column":8},"end":{"line":131,"column":63}},"31":{"start":{"line":134,"column":16},"end":{"line":148,"column":5}},"32":{"start":{"line":149,"column":19},"end":{"line":149,"column":30}},"33":{"start":{"line":151,"column":4},"end":{"line":154,"column":5}},"34":{"start":{"line":152,"column":6},"end":{"line":152,"column":64}},"35":{"start":{"line":153,"column":6},"end":{"line":153,"column":29}},"36":{"start":{"line":156,"column":4},"end":{"line":159,"column":5}},"37":{"start":{"line":157,"column":6},"end":{"line":157,"column":64}},"38":{"start":{"line":158,"column":6},"end":{"line":158,"column":27}},"39":{"start":{"line":161,"column":4},"end":{"line":161,"column":62}},"40":{"start":{"line":163,"column":19},"end":{"line":163,"column":48}},"41":{"start":{"line":164,"column":4},"end":{"line":164,"column":23}},"42":{"start":{"line":175,"column":16},"end":{"line":185,"column":5}},"43":{"start":{"line":186,"column":19},"end":{"line":186,"column":21}},"44":{"start":{"line":187,"column":23},"end":{"line":187,"column":25}},"45":{"start":{"line":189,"column":4},"end":{"line":192,"column":5}},"46":{"start":{"line":190,"column":6},"end":{"line":190,"column":63}},"47":{"start":{"line":191,"column":6},"end":{"line":191,"column":29}},"48":{"start":{"line":194,"column":4},"end":{"line":197,"column":5}},"49":{"start":{"line":195,"column":6},"end":{"line":195,"column":67}},"50":{"start":{"line":196,"column":6},"end":{"line":196,"column":29}},"51":{"start":{"line":199,"column":4},"end":{"line":202,"column":5}},"52":{"start":{"line":200,"column":6},"end":{"line":200,"column":67}},"53":{"start":{"line":201,"column":6},"end":{"line":201,"column":27}},"54":{"start":{"line":204,"column":4},"end":{"line":206,"column":5}},"55":{"start":{"line":205,"column":6},"end":{"line":205,"column":52}},"56":{"start":{"line":208,"column":4},"end":{"line":208,"column":66}},"57":{"start":{"line":210,"column":19},"end":{"line":210,"column":48}},"58":{"start":{"line":211,"column":4},"end":{"line":211,"column":23}},"59":{"start":{"line":224,"column":4},"end":{"line":236,"column":5}},"60":{"start":{"line":226,"column":8},"end":{"line":226,"column":48}},"61":{"start":{"line":227,"column":8},"end":{"line":227,"column":14}},"62":{"start":{"line":229,"column":8},"end":{"line":229,"column":62}},"63":{"start":{"line":230,"column":8},"end":{"line":230,"column":14}},"64":{"start":{"line":232,"column":8},"end":{"line":232,"column":63}},"65":{"start":{"line":233,"column":8},"end":{"line":233,"column":14}},"66":{"start":{"line":235,"column":8},"end":{"line":235,"column":63}},"67":{"start":{"line":238,"column":16},"end":{"line":251,"column":5}},"68":{"start":{"line":252,"column":19},"end":{"line":252,"column":28}},"69":{"start":{"line":254,"column":4},"end":{"line":257,"column":5}},"70":{"start":{"line":255,"column":6},"end":{"line":255,"column":64}},"71":{"start":{"line":256,"column":6},"end":{"line":256,"column":29}},"72":{"start":{"line":259,"column":4},"end":{"line":262,"column":5}},"73":{"start":{"line":260,"column":6},"end":{"line":260,"column":64}},"74":{"start":{"line":261,"column":6},"end":{"line":261,"column":27}},"75":{"start":{"line":264,"column":4},"end":{"line":264,"column":62}},"76":{"start":{"line":266,"column":19},"end":{"line":266,"column":48}},"77":{"start":{"line":267,"column":4},"end":{"line":267,"column":23}},"78":{"start":{"line":278,"column":19},"end":{"line":298,"column":5}},"79":{"start":{"line":300,"column":4},"end":{"line":300,"column":23}},"80":{"start":{"line":307,"column":19},"end":{"line":313,"column":5}},"81":{"start":{"line":315,"column":4},"end":{"line":315,"column":26}},"82":{"start":{"line":322,"column":19},"end":{"line":326,"column":5}},"83":{"start":{"line":328,"column":4},"end":{"line":328,"column":23}},"84":{"start":{"line":333,"column":4},"end":{"line":333,"column":29}},"85":{"start":{"line":337,"column":0},"end":{"line":337,"column":34}}},"fnMap":{"0":{"name":"(anonymous_0)","decl":{"start":{"line":8,"column":2},"end":{"line":8,"column":3}},"loc":{"start":{"line":15,"column":5},"end":{"line":41,"column":3}},"line":15},"1":{"name":"(anonymous_1)","decl":{"start":{"line":46,"column":2},"end":{"line":46,"column":3}},"loc":{"start":{"line":46,"column":40},"end":{"line":77,"column":3}},"line":46},"2":{"name":"(anonymous_2)","decl":{"start":{"line":53,"column":8},"end":{"line":53,"column":9}},"loc":{"start":{"line":54,"column":10},"end":{"line":58,"column":57}},"line":54},"3":{"name":"(anonymous_3)","decl":{"start":{"line":82,"column":2},"end":{"line":82,"column":3}},"loc":{"start":{"line":82,"column":76},"end":{"line":108,"column":3}},"line":82},"4":{"name":"(anonymous_4)","decl":{"start":{"line":113,"column":2},"end":{"line":113,"column":3}},"loc":{"start":{"line":118,"column":4},"end":{"line":165,"column":3}},"line":118},"5":{"name":"(anonymous_5)","decl":{"start":{"line":170,"column":2},"end":{"line":170,"column":3}},"loc":{"start":{"line":174,"column":4},"end":{"line":212,"column":3}},"line":174},"6":{"name":"(anonymous_6)","decl":{"start":{"line":217,"column":2},"end":{"line":217,"column":3}},"loc":{"start":{"line":222,"column":4},"end":{"line":268,"column":3}},"line":222},"7":{"name":"(anonymous_7)","decl":{"start":{"line":273,"column":2},"end":{"line":273,"column":3}},"loc":{"start":{"line":277,"column":4},"end":{"line":301,"column":3}},"line":277},"8":{"name":"(anonymous_8)","decl":{"start":{"line":306,"column":2},"end":{"line":306,"column":3}},"loc":{"start":{"line":306,"column":76},"end":{"line":316,"column":3}},"line":306},"9":{"name":"(anonymous_9)","decl":{"start":{"line":321,"column":2},"end":{"line":321,"column":3}},"loc":{"start":{"line":321,"column":50},"end":{"line":329,"column":3}},"line":321},"10":{"name":"(anonymous_10)","decl":{"start":{"line":332,"column":2},"end":{"line":332,"column":3}},"loc":{"start":{"line":332,"column":36},"end":{"line":334,"column":3}},"line":332}},"branchMap":{"0":{"loc":{"start":{"line":13,"column":4},"end":{"line":13,"column":25}},"type":"default-arg","locations":[{"start":{"line":13,"column":16},"end":{"line":13,"column":25}}],"line":13},"1":{"loc":{"start":{"line":14,"column":4},"end":{"line":14,"column":30}},"type":"default-arg","locations":[{"start":{"line":14,"column":22},"end":{"line":14,"column":30}}],"line":14},"2":{"loc":{"start":{"line":47,"column":4},"end":{"line":49,"column":5}},"type":"if","locations":[{"start":{"line":47,"column":4},"end":{"line":49,"column":5}},{"start":{},"end":{}}],"line":47},"3":{"loc":{"start":{"line":47,"column":8},"end":{"line":47,"column":50}},"type":"binary-expr","locations":[{"start":{"line":47,"column":8},"end":{"line":47,"column":21}},{"start":{"line":47,"column":25},"end":{"line":47,"column":50}}],"line":47},"4":{"loc":{"start":{"line":57,"column":12},"end":{"line":57,"column":43}},"type":"binary-expr","locations":[{"start":{"line":57,"column":12},"end":{"line":57,"column":30}},{"start":{"line":57,"column":34},"end":{"line":57,"column":43}}],"line":57},"5":{"loc":{"start":{"line":58,"column":17},"end":{"line":58,"column":53}},"type":"binary-expr","locations":[{"start":{"line":58,"column":17},"end":{"line":58,"column":41}},{"start":{"line":58,"column":45},"end":{"line":58,"column":53}}],"line":58},"6":{"loc":{"start":{"line":82,"column":42},"end":{"line":82,"column":58}},"type":"default-arg","locations":[{"start":{"line":82,"column":54},"end":{"line":82,"column":58}}],"line":82},"7":{"loc":{"start":{"line":82,"column":60},"end":{"line":82,"column":74}},"type":"default-arg","locations":[{"start":{"line":82,"column":70},"end":{"line":82,"column":74}}],"line":82},"8":{"loc":{"start":{"line":94,"column":4},"end":{"line":97,"column":5}},"type":"if","locations":[{"start":{"line":94,"column":4},"end":{"line":97,"column":5}},{"start":{},"end":{}}],"line":94},"9":{"loc":{"start":{"line":99,"column":4},"end":{"line":102,"column":5}},"type":"if","locations":[{"start":{"line":99,"column":4},"end":{"line":102,"column":5}},{"start":{},"end":{}}],"line":99},"10":{"loc":{"start":{"line":115,"column":4},"end":{"line":115,"column":26}},"type":"default-arg","locations":[{"start":{"line":115,"column":17},"end":{"line":115,"column":26}}],"line":115},"11":{"loc":{"start":{"line":116,"column":4},"end":{"line":116,"column":20}},"type":"default-arg","locations":[{"start":{"line":116,"column":16},"end":{"line":116,"column":20}}],"line":116},"12":{"loc":{"start":{"line":117,"column":4},"end":{"line":117,"column":18}},"type":"default-arg","locations":[{"start":{"line":117,"column":14},"end":{"line":117,"column":18}}],"line":117},"13":{"loc":{"start":{"line":120,"column":4},"end":{"line":132,"column":5}},"type":"switch","locations":[{"start":{"line":121,"column":6},"end":{"line":123,"column":14}},{"start":{"line":124,"column":6},"end":{"line":126,"column":14}},{"start":{"line":127,"column":6},"end":{"line":129,"column":14}},{"start":{"line":130,"column":6},"end":{"line":131,"column":63}}],"line":120},"14":{"loc":{"start":{"line":151,"column":4},"end":{"line":154,"column":5}},"type":"if","locations":[{"start":{"line":151,"column":4},"end":{"line":154,"column":5}},{"start":{},"end":{}}],"line":151},"15":{"loc":{"start":{"line":156,"column":4},"end":{"line":159,"column":5}},"type":"if","locations":[{"start":{"line":156,"column":4},"end":{"line":159,"column":5}},{"start":{},"end":{}}],"line":156},"16":{"loc":{"start":{"line":171,"column":4},"end":{"line":171,"column":20}},"type":"default-arg","locations":[{"start":{"line":171,"column":16},"end":{"line":171,"column":20}}],"line":171},"17":{"loc":{"start":{"line":172,"column":4},"end":{"line":172,"column":20}},"type":"default-arg","locations":[{"start":{"line":172,"column":16},"end":{"line":172,"column":20}}],"line":172},"18":{"loc":{"start":{"line":173,"column":4},"end":{"line":173,"column":18}},"type":"default-arg","locations":[{"start":{"line":173,"column":14},"end":{"line":173,"column":18}}],"line":173},"19":{"loc":{"start":{"line":189,"column":4},"end":{"line":192,"column":5}},"type":"if","locations":[{"start":{"line":189,"column":4},"end":{"line":192,"column":5}},{"start":{},"end":{}}],"line":189},"20":{"loc":{"start":{"line":194,"column":4},"end":{"line":197,"column":5}},"type":"if","locations":[{"start":{"line":194,"column":4},"end":{"line":197,"column":5}},{"start":{},"end":{}}],"line":194},"21":{"loc":{"start":{"line":199,"column":4},"end":{"line":202,"column":5}},"type":"if","locations":[{"start":{"line":199,"column":4},"end":{"line":202,"column":5}},{"start":{},"end":{}}],"line":199},"22":{"loc":{"start":{"line":204,"column":4},"end":{"line":206,"column":5}},"type":"if","locations":[{"start":{"line":204,"column":4},"end":{"line":206,"column":5}},{"start":{},"end":{}}],"line":204},"23":{"loc":{"start":{"line":219,"column":4},"end":{"line":219,"column":26}},"type":"default-arg","locations":[{"start":{"line":219,"column":17},"end":{"line":219,"column":26}}],"line":219},"24":{"loc":{"start":{"line":220,"column":4},"end":{"line":220,"column":20}},"type":"default-arg","locations":[{"start":{"line":220,"column":16},"end":{"line":220,"column":20}}],"line":220},"25":{"loc":{"start":{"line":221,"column":4},"end":{"line":221,"column":18}},"type":"default-arg","locations":[{"start":{"line":221,"column":14},"end":{"line":221,"column":18}}],"line":221},"26":{"loc":{"start":{"line":224,"column":4},"end":{"line":236,"column":5}},"type":"switch","locations":[{"start":{"line":225,"column":6},"end":{"line":227,"column":14}},{"start":{"line":228,"column":6},"end":{"line":230,"column":14}},{"start":{"line":231,"column":6},"end":{"line":233,"column":14}},{"start":{"line":234,"column":6},"end":{"line":235,"column":63}}],"line":224},"27":{"loc":{"start":{"line":254,"column":4},"end":{"line":257,"column":5}},"type":"if","locations":[{"start":{"line":254,"column":4},"end":{"line":257,"column":5}},{"start":{},"end":{}}],"line":254},"28":{"loc":{"start":{"line":259,"column":4},"end":{"line":262,"column":5}},"type":"if","locations":[{"start":{"line":259,"column":4},"end":{"line":262,"column":5}},{"start":{},"end":{}}],"line":259},"29":{"loc":{"start":{"line":275,"column":4},"end":{"line":275,"column":26}},"type":"default-arg","locations":[{"start":{"line":275,"column":24},"end":{"line":275,"column":26}}],"line":275},"30":{"loc":{"start":{"line":276,"column":4},"end":{"line":276,"column":20}},"type":"default-arg","locations":[{"start":{"line":276,"column":19},"end":{"line":276,"column":20}}],"line":276},"31":{"loc":{"start":{"line":321,"column":32},"end":{"line":321,"column":48}},"type":"default-arg","locations":[{"start":{"line":321,"column":45},"end":{"line":321,"column":48}}],"line":321}},"s":{"0":2,"1":2,"2":1,"3":1,"4":1,"5":0,"6":0,"7":0,"8":0,"9":0,"10":0,"11":0,"12":0,"13":0,"14":0,"15":0,"16":0,"17":0,"18":0,"19":0,"20":0,"21":0,"22":0,"23":1,"24":0,"25":0,"26":1,"27":1,"28":0,"29":0,"30":0,"31":1,"32":1,"33":1,"34":0,"35":0,"36":1,"37":0,"38":0,"39":1,"40":1,"41":1,"42":1,"43":1,"44":1,"45":1,"46":1,"47":1,"48":1,"49":0,"50":0,"51":1,"52":0,"53":0,"54":1,"55":1,"56":1,"57":1,"58":1,"59":0,"60":0,"61":0,"62":0,"63":0,"64":0,"65":0,"66":0,"67":0,"68":0,"69":0,"70":0,"71":0,"72":0,"73":0,"74":0,"75":0,"76":0,"77":0,"78":0,"79":0,"80":0,"81":0,"82":0,"83":0,"84":1,"85":2},"f":{"0":1,"1":0,"2":0,"3":0,"4":1,"5":1,"6":0,"7":0,"8":0,"9":0,"10":1},"b":{"0":[1],"1":[1],"2":[0,0],"3":[0,0],"4":[0,0],"5":[0,0],"6":[0],"7":[0],"8":[0,0],"9":[0,0],"10":[0],"11":[1],"12":[1],"13":[0,1,0,0],"14":[0,1],"15":[0,1],"16":[0],"17":[1],"18":[1],"19":[1,0],"20":[0,1],"21":[0,1],"22":[1,0],"23":[0],"24":[0],"25":[0],"26":[0,0,0,0],"27":[0,0],"28":[0,0],"29":[0],"30":[0],"31":[0]},"_coverageSchema":"1a1c01bbd47fc00a2c39e90264f33305004495a9","hash":"bcb890abbf4880b263bf7713ba107ab48965bbad"}
,"/Users/kevin/Documents/Github/fluxor/backend/src/models/Product.js": {"path":"/Users/kevin/Documents/Github/fluxor/backend/src/models/Product.js","statementMap":{"0":{"start":{"line":1,"column":11},"end":{"line":1,"column":43}},"1":{"start":{"line":2,"column":23},"end":{"line":2,"column":38}},"2":{"start":{"line":6,"column":22},"end":{"line":6,"column":30}},"3":{"start":{"line":8,"column":19},"end":{"line":15,"column":5}},"4":{"start":{"line":17,"column":4},"end":{"line":17,"column":26}},"5":{"start":{"line":21,"column":19},"end":{"line":28,"column":5}},"6":{"start":{"line":30,"column":4},"end":{"line":30,"column":23}},"7":{"start":{"line":34,"column":19},"end":{"line":40,"column":5}},"8":{"start":{"line":42,"column":4},"end":{"line":42,"column":34}},"9":{"start":{"line":46,"column":19},"end":{"line":50,"column":5}},"10":{"start":{"line":52,"column":4},"end":{"line":52,"column":34}},"11":{"start":{"line":57,"column":21},"end":{"line":60,"column":5}},"12":{"start":{"line":62,"column":4},"end":{"line":82,"column":5}},"13":{"start":{"line":64,"column":21},"end":{"line":70,"column":7}},"14":{"start":{"line":71,"column":6},"end":{"line":71,"column":28}},"15":{"start":{"line":74,"column":26},"end":{"line":74,"column":34}},"16":{"start":{"line":75,"column":21},"end":{"line":80,"column":7}},"17":{"start":{"line":81,"column":6},"end":{"line":81,"column":28}},"18":{"start":{"line":86,"column":19},"end":{"line":93,"column":5}},"19":{"start":{"line":95,"column":4},"end":{"line":95,"column":23}},"20":{"start":{"line":99,"column":19},"end":{"line":102,"column":5}},"21":{"start":{"line":104,"column":4},"end":{"line":104,"column":26}},"22":{"start":{"line":108,"column":0},"end":{"line":108,"column":25}}},"fnMap":{"0":{"name":"(anonymous_0)","decl":{"start":{"line":5,"column":2},"end":{"line":5,"column":3}},"loc":{"start":{"line":5,"column":71},"end":{"line":18,"column":3}},"line":5},"1":{"name":"(anonymous_1)","decl":{"start":{"line":20,"column":2},"end":{"line":20,"column":3}},"loc":{"start":{"line":20,"column":38},"end":{"line":31,"column":3}},"line":20},"2":{"name":"(anonymous_2)","decl":{"start":{"line":33,"column":2},"end":{"line":33,"column":3}},"loc":{"start":{"line":33,"column":35},"end":{"line":43,"column":3}},"line":33},"3":{"name":"(anonymous_3)","decl":{"start":{"line":45,"column":2},"end":{"line":45,"column":3}},"loc":{"start":{"line":45,"column":58},"end":{"line":53,"column":3}},"line":45},"4":{"name":"(anonymous_4)","decl":{"start":{"line":55,"column":2},"end":{"line":55,"column":3}},"loc":{"start":{"line":55,"column":52},"end":{"line":83,"column":3}},"line":55},"5":{"name":"(anonymous_5)","decl":{"start":{"line":85,"column":2},"end":{"line":85,"column":3}},"loc":{"start":{"line":85,"column":55},"end":{"line":96,"column":3}},"line":85},"6":{"name":"(anonymous_6)","decl":{"start":{"line":98,"column":2},"end":{"line":98,"column":3}},"loc":{"start":{"line":98,"column":33},"end":{"line":105,"column":3}},"line":98}},"branchMap":{"0":{"loc":{"start":{"line":42,"column":11},"end":{"line":42,"column":33}},"type":"binary-expr","locations":[{"start":{"line":42,"column":11},"end":{"line":42,"column":25}},{"start":{"line":42,"column":29},"end":{"line":42,"column":33}}],"line":42},"1":{"loc":{"start":{"line":52,"column":11},"end":{"line":52,"column":33}},"type":"binary-expr","locations":[{"start":{"line":52,"column":11},"end":{"line":52,"column":25}},{"start":{"line":52,"column":29},"end":{"line":52,"column":33}}],"line":52},"2":{"loc":{"start":{"line":62,"column":4},"end":{"line":82,"column":5}},"type":"if","locations":[{"start":{"line":62,"column":4},"end":{"line":82,"column":5}},{"start":{"line":72,"column":11},"end":{"line":82,"column":5}}],"line":62}},"s":{"0":1,"1":1,"2":0,"3":0,"4":0,"5":0,"6":0,"7":0,"8":0,"9":0,"10":0,"11":0,"12":0,"13":0,"14":0,"15":0,"16":0,"17":0,"18":0,"19":0,"20":0,"21":0,"22":1},"f":{"0":0,"1":0,"2":0,"3":0,"4":0,"5":0,"6":0},"b":{"0":[0,0],"1":[0,0],"2":[0,0]},"_coverageSchema":"1a1c01bbd47fc00a2c39e90264f33305004495a9","hash":"6cc140d8e116466ddb096b1cb79989fd33bbd6aa"}
,"/Users/kevin/Documents/Github/fluxor/backend/src/models/Sale.js": {"path":"/Users/kevin/Documents/Github/fluxor/backend/src/models/Sale.js","statementMap":{"0":{"start":{"line":1,"column":11},"end":{"line":1,"column":43}},"1":{"start":{"line":2,"column":23},"end":{"line":2,"column":38}},"2":{"start":{"line":6,"column":19},"end":{"line":6,"column":27}},"3":{"start":{"line":8,"column":19},"end":{"line":13,"column":5}},"4":{"start":{"line":15,"column":4},"end":{"line":15,"column":26}},"5":{"start":{"line":19,"column":19},"end":{"line":21,"column":15}},"6":{"start":{"line":20,"column":6},"end":{"line":20,"column":100}},"7":{"start":{"line":23,"column":18},"end":{"line":27,"column":5}},"8":{"start":{"line":29,"column":19},"end":{"line":29,"column":40}},"9":{"start":{"line":30,"column":4},"end":{"line":30,"column":23}},"10":{"start":{"line":34,"column":16},"end":{"line":37,"column":5}},"11":{"start":{"line":38,"column":19},"end":{"line":38,"column":30}},"12":{"start":{"line":40,"column":4},"end":{"line":43,"column":5}},"13":{"start":{"line":41,"column":6},"end":{"line":41,"column":57}},"14":{"start":{"line":42,"column":6},"end":{"line":42,"column":29}},"15":{"start":{"line":45,"column":4},"end":{"line":48,"column":5}},"16":{"start":{"line":46,"column":6},"end":{"line":46,"column":57}},"17":{"start":{"line":47,"column":6},"end":{"line":47,"column":27}},"18":{"start":{"line":50,"column":4},"end":{"line":50,"column":40}},"19":{"start":{"line":52,"column":19},"end":{"line":52,"column":48}},"20":{"start":{"line":53,"column":4},"end":{"line":53,"column":23}},"21":{"start":{"line":58,"column":4},"end":{"line":70,"column":5}},"22":{"start":{"line":60,"column":8},"end":{"line":60,"column":34}},"23":{"start":{"line":61,"column":8},"end":{"line":61,"column":14}},"24":{"start":{"line":63,"column":8},"end":{"line":63,"column":31}},"25":{"start":{"line":64,"column":8},"end":{"line":64,"column":14}},"26":{"start":{"line":66,"column":8},"end":{"line":66,"column":31}},"27":{"start":{"line":67,"column":8},"end":{"line":67,"column":14}},"28":{"start":{"line":69,"column":8},"end":{"line":69,"column":34}},"29":{"start":{"line":72,"column":16},"end":{"line":79,"column":5}},"30":{"start":{"line":80,"column":19},"end":{"line":80,"column":30}},"31":{"start":{"line":82,"column":4},"end":{"line":85,"column":5}},"32":{"start":{"line":83,"column":6},"end":{"line":83,"column":57}},"33":{"start":{"line":84,"column":6},"end":{"line":84,"column":29}},"34":{"start":{"line":87,"column":4},"end":{"line":90,"column":5}},"35":{"start":{"line":88,"column":6},"end":{"line":88,"column":57}},"36":{"start":{"line":89,"column":6},"end":{"line":89,"column":27}},"37":{"start":{"line":92,"column":4},"end":{"line":92,"column":48}},"38":{"start":{"line":94,"column":19},"end":{"line":94,"column":48}},"39":{"start":{"line":95,"column":4},"end":{"line":95,"column":23}},"40":{"start":{"line":99,"column":16},"end":{"line":109,"column":5}},"41":{"start":{"line":110,"column":19},"end":{"line":110,"column":28}},"42":{"start":{"line":112,"column":4},"end":{"line":115,"column":5}},"43":{"start":{"line":113,"column":6},"end":{"line":113,"column":84}},"44":{"start":{"line":114,"column":6},"end":{"line":114,"column":29}},"45":{"start":{"line":117,"column":4},"end":{"line":120,"column":5}},"46":{"start":{"line":118,"column":6},"end":{"line":118,"column":84}},"47":{"start":{"line":119,"column":6},"end":{"line":119,"column":27}},"48":{"start":{"line":122,"column":4},"end":{"line":122,"column":90}},"49":{"start":{"line":124,"column":19},"end":{"line":124,"column":48}},"50":{"start":{"line":125,"column":4},"end":{"line":125,"column":23}},"51":{"start":{"line":129,"column":19},"end":{"line":140,"column":5}},"52":{"start":{"line":142,"column":4},"end":{"line":142,"column":23}},"53":{"start":{"line":146,"column":19},"end":{"line":149,"column":5}},"54":{"start":{"line":151,"column":4},"end":{"line":151,"column":26}},"55":{"start":{"line":155,"column":0},"end":{"line":155,"column":22}}},"fnMap":{"0":{"name":"(anonymous_0)","decl":{"start":{"line":5,"column":2},"end":{"line":5,"column":3}},"loc":{"start":{"line":5,"column":61},"end":{"line":16,"column":3}},"line":5},"1":{"name":"(anonymous_1)","decl":{"start":{"line":18,"column":2},"end":{"line":18,"column":3}},"loc":{"start":{"line":18,"column":37},"end":{"line":31,"column":3}},"line":18},"2":{"name":"(anonymous_2)","decl":{"start":{"line":19,"column":33},"end":{"line":19,"column":34}},"loc":{"start":{"line":20,"column":6},"end":{"line":20,"column":100}},"line":20},"3":{"name":"(anonymous_3)","decl":{"start":{"line":33,"column":2},"end":{"line":33,"column":3}},"loc":{"start":{"line":33,"column":76},"end":{"line":54,"column":3}},"line":33},"4":{"name":"(anonymous_4)","decl":{"start":{"line":56,"column":2},"end":{"line":56,"column":3}},"loc":{"start":{"line":56,"column":96},"end":{"line":96,"column":3}},"line":56},"5":{"name":"(anonymous_5)","decl":{"start":{"line":98,"column":2},"end":{"line":98,"column":3}},"loc":{"start":{"line":98,"column":72},"end":{"line":126,"column":3}},"line":98},"6":{"name":"(anonymous_6)","decl":{"start":{"line":128,"column":2},"end":{"line":128,"column":3}},"loc":{"start":{"line":128,"column":51},"end":{"line":143,"column":3}},"line":128},"7":{"name":"(anonymous_7)","decl":{"start":{"line":145,"column":2},"end":{"line":145,"column":3}},"loc":{"start":{"line":145,"column":30},"end":{"line":152,"column":3}},"line":145}},"branchMap":{"0":{"loc":{"start":{"line":33,"column":42},"end":{"line":33,"column":58}},"type":"default-arg","locations":[{"start":{"line":33,"column":54},"end":{"line":33,"column":58}}],"line":33},"1":{"loc":{"start":{"line":33,"column":60},"end":{"line":33,"column":74}},"type":"default-arg","locations":[{"start":{"line":33,"column":70},"end":{"line":33,"column":74}}],"line":33},"2":{"loc":{"start":{"line":40,"column":4},"end":{"line":43,"column":5}},"type":"if","locations":[{"start":{"line":40,"column":4},"end":{"line":43,"column":5}},{"start":{},"end":{}}],"line":40},"3":{"loc":{"start":{"line":45,"column":4},"end":{"line":48,"column":5}},"type":"if","locations":[{"start":{"line":45,"column":4},"end":{"line":48,"column":5}},{"start":{},"end":{}}],"line":45},"4":{"loc":{"start":{"line":56,"column":45},"end":{"line":56,"column":60}},"type":"default-arg","locations":[{"start":{"line":56,"column":55},"end":{"line":56,"column":60}}],"line":56},"5":{"loc":{"start":{"line":56,"column":62},"end":{"line":56,"column":78}},"type":"default-arg","locations":[{"start":{"line":56,"column":74},"end":{"line":56,"column":78}}],"line":56},"6":{"loc":{"start":{"line":56,"column":80},"end":{"line":56,"column":94}},"type":"default-arg","locations":[{"start":{"line":56,"column":90},"end":{"line":56,"column":94}}],"line":56},"7":{"loc":{"start":{"line":58,"column":4},"end":{"line":70,"column":5}},"type":"switch","locations":[{"start":{"line":59,"column":6},"end":{"line":61,"column":14}},{"start":{"line":62,"column":6},"end":{"line":64,"column":14}},{"start":{"line":65,"column":6},"end":{"line":67,"column":14}},{"start":{"line":68,"column":6},"end":{"line":69,"column":34}}],"line":58},"8":{"loc":{"start":{"line":82,"column":4},"end":{"line":85,"column":5}},"type":"if","locations":[{"start":{"line":82,"column":4},"end":{"line":85,"column":5}},{"start":{},"end":{}}],"line":82},"9":{"loc":{"start":{"line":87,"column":4},"end":{"line":90,"column":5}},"type":"if","locations":[{"start":{"line":87,"column":4},"end":{"line":90,"column":5}},{"start":{},"end":{}}],"line":87},"10":{"loc":{"start":{"line":98,"column":38},"end":{"line":98,"column":54}},"type":"default-arg","locations":[{"start":{"line":98,"column":50},"end":{"line":98,"column":54}}],"line":98},"11":{"loc":{"start":{"line":98,"column":56},"end":{"line":98,"column":70}},"type":"default-arg","locations":[{"start":{"line":98,"column":66},"end":{"line":98,"column":70}}],"line":98},"12":{"loc":{"start":{"line":112,"column":4},"end":{"line":115,"column":5}},"type":"if","locations":[{"start":{"line":112,"column":4},"end":{"line":115,"column":5}},{"start":{},"end":{}}],"line":112},"13":{"loc":{"start":{"line":117,"column":4},"end":{"line":120,"column":5}},"type":"if","locations":[{"start":{"line":117,"column":4},"end":{"line":120,"column":5}},{"start":{},"end":{}}],"line":117},"14":{"loc":{"start":{"line":128,"column":39},"end":{"line":128,"column":49}},"type":"default-arg","locations":[{"start":{"line":128,"column":47},"end":{"line":128,"column":49}}],"line":128}},"s":{"0":1,"1":1,"2":0,"3":0,"4":0,"5":0,"6":0,"7":0,"8":0,"9":0,"10":0,"11":0,"12":0,"13":0,"14":0,"15":0,"16":0,"17":0,"18":0,"19":0,"20":0,"21":0,"22":0,"23":0,"24":0,"25":0,"26":0,"27":0,"28":0,"29":0,"30":0,"31":0,"32":0,"33":0,"34":0,"35":0,"36":0,"37":0,"38":0,"39":0,"40":0,"41":0,"42":0,"43":0,"44":0,"45":0,"46":0,"47":0,"48":0,"49":0,"50":0,"51":0,"52":0,"53":0,"54":0,"55":1},"f":{"0":0,"1":0,"2":0,"3":0,"4":0,"5":0,"6":0,"7":0},"b":{"0":[0],"1":[0],"2":[0,0],"3":[0,0],"4":[0],"5":[0],"6":[0],"7":[0,0,0,0],"8":[0,0],"9":[0,0],"10":[0],"11":[0],"12":[0,0],"13":[0,0],"14":[0]},"_coverageSchema":"1a1c01bbd47fc00a2c39e90264f33305004495a9","hash":"f98b5eb449f2da1afb77b29e753e8333b61a8b63"}
,"/Users/kevin/Documents/Github/fluxor/backend/src/models/Store.js": {"path":"/Users/kevin/Documents/Github/fluxor/backend/src/models/Store.js","statementMap":{"0":{"start":{"line":1,"column":11},"end":{"line":1,"column":43}},"1":{"start":{"line":2,"column":15},"end":{"line":2,"column":32}},"2":{"start":{"line":3,"column":23},"end":{"line":3,"column":38}},"3":{"start":{"line":7,"column":20},"end":{"line":7,"column":28}},"4":{"start":{"line":8,"column":27},"end":{"line":8,"column":57}},"5":{"start":{"line":10,"column":19},"end":{"line":15,"column":5}},"6":{"start":{"line":17,"column":4},"end":{"line":17,"column":26}},"7":{"start":{"line":21,"column":19},"end":{"line":26,"column":5}},"8":{"start":{"line":28,"column":4},"end":{"line":28,"column":23}},"9":{"start":{"line":32,"column":19},"end":{"line":35,"column":5}},"10":{"start":{"line":37,"column":4},"end":{"line":39,"column":5}},"11":{"start":{"line":38,"column":6},"end":{"line":38,"column":83}},"12":{"start":{"line":41,"column":4},"end":{"line":41,"column":34}},"13":{"start":{"line":45,"column":19},"end":{"line":48,"column":5}},"14":{"start":{"line":50,"column":4},"end":{"line":50,"column":34}},"15":{"start":{"line":54,"column":27},"end":{"line":54,"column":60}},"16":{"start":{"line":56,"column":19},"end":{"line":61,"column":5}},"17":{"start":{"line":63,"column":4},"end":{"line":63,"column":26}},"18":{"start":{"line":67,"column":19},"end":{"line":70,"column":5}},"19":{"start":{"line":72,"column":4},"end":{"line":72,"column":26}},"20":{"start":{"line":77,"column":22},"end":{"line":77,"column":35}},"21":{"start":{"line":78,"column":16},"end":{"line":78,"column":69}},"22":{"start":{"line":79,"column":15},"end":{"line":79,"column":37}},"23":{"start":{"line":81,"column":19},"end":{"line":81,"column":60}},"24":{"start":{"line":82,"column":20},"end":{"line":82,"column":55}},"25":{"start":{"line":83,"column":4},"end":{"line":83,"column":37}},"26":{"start":{"line":85,"column":4},"end":{"line":85,"column":48}},"27":{"start":{"line":89,"column":22},"end":{"line":89,"column":35}},"28":{"start":{"line":90,"column":16},"end":{"line":90,"column":69}},"29":{"start":{"line":92,"column":18},"end":{"line":92,"column":43}},"30":{"start":{"line":93,"column":15},"end":{"line":93,"column":43}},"31":{"start":{"line":94,"column":22},"end":{"line":94,"column":30}},"32":{"start":{"line":96,"column":21},"end":{"line":96,"column":64}},"33":{"start":{"line":97,"column":20},"end":{"line":97,"column":61}},"34":{"start":{"line":98,"column":4},"end":{"line":98,"column":40}},"35":{"start":{"line":100,"column":4},"end":{"line":100,"column":21}},"36":{"start":{"line":104,"column":0},"end":{"line":104,"column":23}}},"fnMap":{"0":{"name":"(anonymous_0)","decl":{"start":{"line":6,"column":2},"end":{"line":6,"column":3}},"loc":{"start":{"line":6,"column":73},"end":{"line":18,"column":3}},"line":6},"1":{"name":"(anonymous_1)","decl":{"start":{"line":20,"column":2},"end":{"line":20,"column":3}},"loc":{"start":{"line":20,"column":36},"end":{"line":29,"column":3}},"line":20},"2":{"name":"(anonymous_2)","decl":{"start":{"line":31,"column":2},"end":{"line":31,"column":3}},"loc":{"start":{"line":31,"column":33},"end":{"line":42,"column":3}},"line":31},"3":{"name":"(anonymous_3)","decl":{"start":{"line":44,"column":2},"end":{"line":44,"column":3}},"loc":{"start":{"line":44,"column":43},"end":{"line":51,"column":3}},"line":44},"4":{"name":"(anonymous_4)","decl":{"start":{"line":53,"column":2},"end":{"line":53,"column":3}},"loc":{"start":{"line":53,"column":58},"end":{"line":64,"column":3}},"line":53},"5":{"name":"(anonymous_5)","decl":{"start":{"line":66,"column":2},"end":{"line":66,"column":3}},"loc":{"start":{"line":66,"column":31},"end":{"line":73,"column":3}},"line":66},"6":{"name":"(anonymous_6)","decl":{"start":{"line":76,"column":2},"end":{"line":76,"column":3}},"loc":{"start":{"line":76,"column":29},"end":{"line":86,"column":3}},"line":76},"7":{"name":"(anonymous_7)","decl":{"start":{"line":88,"column":2},"end":{"line":88,"column":3}},"loc":{"start":{"line":88,"column":38},"end":{"line":101,"column":3}},"line":88}},"branchMap":{"0":{"loc":{"start":{"line":37,"column":4},"end":{"line":39,"column":5}},"type":"if","locations":[{"start":{"line":37,"column":4},"end":{"line":39,"column":5}},{"start":{},"end":{}}],"line":37},"1":{"loc":{"start":{"line":41,"column":11},"end":{"line":41,"column":33}},"type":"binary-expr","locations":[{"start":{"line":41,"column":11},"end":{"line":41,"column":25}},{"start":{"line":41,"column":29},"end":{"line":41,"column":33}}],"line":41},"2":{"loc":{"start":{"line":50,"column":11},"end":{"line":50,"column":33}},"type":"binary-expr","locations":[{"start":{"line":50,"column":11},"end":{"line":50,"column":25}},{"start":{"line":50,"column":29},"end":{"line":50,"column":33}}],"line":50}},"s":{"0":1,"1":1,"2":1,"3":0,"4":0,"5":0,"6":0,"7":0,"8":0,"9":0,"10":0,"11":0,"12":0,"13":0,"14":0,"15":0,"16":0,"17":0,"18":0,"19":0,"20":0,"21":0,"22":0,"23":0,"24":0,"25":0,"26":0,"27":0,"28":0,"29":0,"30":0,"31":0,"32":0,"33":0,"34":0,"35":0,"36":1},"f":{"0":0,"1":0,"2":0,"3":0,"4":0,"5":0,"6":0,"7":0},"b":{"0":[0,0],"1":[0,0],"2":[0,0]},"_coverageSchema":"1a1c01bbd47fc00a2c39e90264f33305004495a9","hash":"60da9d1c931a5fd0f2bfe69fe4304e5ba7b33615"}
,"/Users/kevin/Documents/Github/fluxor/backend/src/services/ConflictResolutionEngine.js": {"path":"/Users/kevin/Documents/Github/fluxor/backend/src/services/ConflictResolutionEngine.js","statementMap":{"0":{"start":{"line":1,"column":11},"end":{"line":1,"column":43}},"1":{"start":{"line":2,"column":23},"end":{"line":2,"column":38}},"2":{"start":{"line":10,"column":4},"end":{"line":17,"column":7}},"3":{"start":{"line":19,"column":4},"end":{"line":26,"column":6}},"4":{"start":{"line":28,"column":4},"end":{"line":33,"column":6}},"5":{"start":{"line":38,"column":4},"end":{"line":38,"column":35}},"6":{"start":{"line":47,"column":4},"end":{"line":86,"column":5}},"7":{"start":{"line":48,"column":24},"end":{"line":48,"column":26}},"8":{"start":{"line":51,"column":26},"end":{"line":51,"column":69}},"9":{"start":{"line":53,"column":6},"end":{"line":55,"column":7}},"10":{"start":{"line":54,"column":8},"end":{"line":54,"column":25}},"11":{"start":{"line":58,"column":29},"end":{"line":61,"column":7}},"12":{"start":{"line":62,"column":6},"end":{"line":62,"column":40}},"13":{"start":{"line":65,"column":29},"end":{"line":68,"column":7}},"14":{"start":{"line":69,"column":6},"end":{"line":69,"column":40}},"15":{"start":{"line":72,"column":32},"end":{"line":75,"column":7}},"16":{"start":{"line":76,"column":6},"end":{"line":76,"column":43}},"17":{"start":{"line":79,"column":6},"end":{"line":81,"column":7}},"18":{"start":{"line":80,"column":8},"end":{"line":80,"column":42}},"19":{"start":{"line":83,"column":6},"end":{"line":83,"column":23}},"20":{"start":{"line":85,"column":6},"end":{"line":85,"column":70}},"21":{"start":{"line":95,"column":4},"end":{"line":111,"column":5}},"22":{"start":{"line":96,"column":24},"end":{"line":96,"column":26}},"23":{"start":{"line":99,"column":23},"end":{"line":99,"column":79}},"24":{"start":{"line":101,"column":6},"end":{"line":106,"column":7}},"25":{"start":{"line":102,"column":33},"end":{"line":104,"column":9}},"26":{"start":{"line":105,"column":8},"end":{"line":105,"column":44}},"27":{"start":{"line":108,"column":6},"end":{"line":108,"column":23}},"28":{"start":{"line":110,"column":6},"end":{"line":110,"column":76}},"29":{"start":{"line":122,"column":4},"end":{"line":157,"column":5}},"30":{"start":{"line":123,"column":23},"end":{"line":123,"column":62}},"31":{"start":{"line":125,"column":6},"end":{"line":127,"column":7}},"32":{"start":{"line":126,"column":8},"end":{"line":126,"column":68}},"33":{"start":{"line":130,"column":25},"end":{"line":130,"column":58}},"34":{"start":{"line":133,"column":6},"end":{"line":138,"column":8}},"35":{"start":{"line":141,"column":6},"end":{"line":141,"column":63}},"36":{"start":{"line":143,"column":6},"end":{"line":148,"column":8}},"37":{"start":{"line":150,"column":6},"end":{"line":155,"column":8}},"38":{"start":{"line":156,"column":6},"end":{"line":156,"column":70}},"39":{"start":{"line":166,"column":4},"end":{"line":208,"column":5}},"40":{"start":{"line":168,"column":23},"end":{"line":168,"column":75}},"41":{"start":{"line":170,"column":6},"end":{"line":176,"column":7}},"42":{"start":{"line":171,"column":8},"end":{"line":175,"column":10}},"43":{"start":{"line":179,"column":21},"end":{"line":181,"column":8}},"44":{"start":{"line":184,"column":6},"end":{"line":187,"column":8}},"45":{"start":{"line":189,"column":6},"end":{"line":189,"column":20}},"46":{"start":{"line":192,"column":6},"end":{"line":200,"column":8}},"47":{"start":{"line":202,"column":6},"end":{"line":207,"column":8}},"48":{"start":{"line":214,"column":22},"end":{"line":214,"column":24}},"49":{"start":{"line":215,"column":23},"end":{"line":215,"column":58}},"50":{"start":{"line":217,"column":4},"end":{"line":243,"column":5}},"51":{"start":{"line":218,"column":25},"end":{"line":220,"column":7}},"52":{"start":{"line":221,"column":24},"end":{"line":221,"column":54}},"53":{"start":{"line":223,"column":6},"end":{"line":242,"column":7}},"54":{"start":{"line":225,"column":8},"end":{"line":241,"column":11}},"55":{"start":{"line":245,"column":4},"end":{"line":245,"column":21}},"56":{"start":{"line":249,"column":22},"end":{"line":249,"column":24}},"57":{"start":{"line":250,"column":23},"end":{"line":250,"column":58}},"58":{"start":{"line":252,"column":4},"end":{"line":276,"column":5}},"59":{"start":{"line":253,"column":6},"end":{"line":275,"column":7}},"60":{"start":{"line":254,"column":32},"end":{"line":256,"column":9}},"61":{"start":{"line":257,"column":31},"end":{"line":257,"column":62}},"62":{"start":{"line":259,"column":8},"end":{"line":274,"column":9}},"63":{"start":{"line":260,"column":10},"end":{"line":273,"column":13}},"64":{"start":{"line":278,"column":4},"end":{"line":278,"column":21}},"65":{"start":{"line":282,"column":22},"end":{"line":282,"column":24}},"66":{"start":{"line":283,"column":23},"end":{"line":283,"column":58}},"67":{"start":{"line":284,"column":30},"end":{"line":287,"column":5}},"68":{"start":{"line":285,"column":19},"end":{"line":285,"column":48}},"69":{"start":{"line":289,"column":4},"end":{"line":308,"column":5}},"70":{"start":{"line":291,"column":6},"end":{"line":307,"column":9}},"71":{"start":{"line":300,"column":45},"end":{"line":304,"column":11}},"72":{"start":{"line":310,"column":4},"end":{"line":310,"column":21}},"73":{"start":{"line":316,"column":25},"end":{"line":316,"column":47}},"74":{"start":{"line":319,"column":27},"end":{"line":322,"column":5}},"75":{"start":{"line":324,"column":25},"end":{"line":326,"column":5}},"76":{"start":{"line":325,"column":6},"end":{"line":325,"column":67}},"77":{"start":{"line":329,"column":4},"end":{"line":332,"column":6}},"78":{"start":{"line":334,"column":4},"end":{"line":339,"column":6}},"79":{"start":{"line":344,"column":6},"end":{"line":344,"column":69}},"80":{"start":{"line":345,"column":25},"end":{"line":345,"column":47}},"81":{"start":{"line":348,"column":33},"end":{"line":348,"column":37}},"82":{"start":{"line":349,"column":26},"end":{"line":349,"column":28}},"83":{"start":{"line":351,"column":21},"end":{"line":351,"column":60}},"84":{"start":{"line":352,"column":4},"end":{"line":358,"column":5}},"85":{"start":{"line":353,"column":23},"end":{"line":353,"column":60}},"86":{"start":{"line":354,"column":6},"end":{"line":357,"column":7}},"87":{"start":{"line":355,"column":8},"end":{"line":355,"column":35}},"88":{"start":{"line":356,"column":8},"end":{"line":356,"column":41}},"89":{"start":{"line":360,"column":4},"end":{"line":362,"column":5}},"90":{"start":{"line":361,"column":6},"end":{"line":361,"column":75}},"91":{"start":{"line":365,"column":4},"end":{"line":368,"column":6}},"92":{"start":{"line":370,"column":4},"end":{"line":376,"column":6}},"93":{"start":{"line":381,"column":4},"end":{"line":390,"column":6}},"94":{"start":{"line":392,"column":4},"end":{"line":396,"column":6}},"95":{"start":{"line":400,"column":25},"end":{"line":400,"column":47}},"96":{"start":{"line":402,"column":4},"end":{"line":421,"column":5}},"97":{"start":{"line":404,"column":23},"end":{"line":404,"column":62}},"98":{"start":{"line":405,"column":21},"end":{"line":407,"column":42}},"99":{"start":{"line":406,"column":21},"end":{"line":406,"column":56}},"100":{"start":{"line":407,"column":27},"end":{"line":407,"column":41}},"101":{"start":{"line":408,"column":27},"end":{"line":410,"column":7}},"102":{"start":{"line":409,"column":38},"end":{"line":409,"column":49}},"103":{"start":{"line":412,"column":6},"end":{"line":412,"column":69}},"104":{"start":{"line":414,"column":6},"end":{"line":420,"column":8}},"105":{"start":{"line":423,"column":4},"end":{"line":423,"column":80}},"106":{"start":{"line":427,"column":25},"end":{"line":427,"column":47}},"107":{"start":{"line":429,"column":4},"end":{"line":446,"column":5}},"108":{"start":{"line":431,"column":23},"end":{"line":431,"column":62}},"109":{"start":{"line":432,"column":21},"end":{"line":434,"column":42}},"110":{"start":{"line":433,"column":21},"end":{"line":433,"column":56}},"111":{"start":{"line":434,"column":27},"end":{"line":434,"column":41}},"112":{"start":{"line":435,"column":23},"end":{"line":435,"column":42}},"113":{"start":{"line":437,"column":6},"end":{"line":437,"column":65}},"114":{"start":{"line":439,"column":6},"end":{"line":445,"column":8}},"115":{"start":{"line":448,"column":4},"end":{"line":450,"column":6}},"116":{"start":{"line":454,"column":25},"end":{"line":454,"column":47}},"117":{"start":{"line":457,"column":27},"end":{"line":459,"column":5}},"118":{"start":{"line":460,"column":31},"end":{"line":462,"column":5}},"119":{"start":{"line":465,"column":22},"end":{"line":465,"column":23}},"120":{"start":{"line":466,"column":22},"end":{"line":466,"column":23}},"121":{"start":{"line":468,"column":21},"end":{"line":468,"column":60}},"122":{"start":{"line":469,"column":4},"end":{"line":477,"column":5}},"123":{"start":{"line":470,"column":26},"end":{"line":470,"column":70}},"124":{"start":{"line":471,"column":20},"end":{"line":471,"column":65}},"125":{"start":{"line":473,"column":6},"end":{"line":476,"column":7}},"126":{"start":{"line":474,"column":8},"end":{"line":474,"column":43}},"127":{"start":{"line":475,"column":8},"end":{"line":475,"column":35}},"128":{"start":{"line":480,"column":6},"end":{"line":480,"column":65}},"129":{"start":{"line":482,"column":4},"end":{"line":482,"column":68}},"130":{"start":{"line":484,"column":4},"end":{"line":490,"column":6}},"131":{"start":{"line":496,"column":19},"end":{"line":514,"column":5}},"132":{"start":{"line":516,"column":4},"end":{"line":516,"column":23}},"133":{"start":{"line":520,"column":19},"end":{"line":532,"column":5}},"134":{"start":{"line":534,"column":4},"end":{"line":536,"column":5}},"135":{"start":{"line":535,"column":6},"end":{"line":535,"column":53}},"136":{"start":{"line":538,"column":4},"end":{"line":538,"column":26}},"137":{"start":{"line":542,"column":19},"end":{"line":545,"column":5}},"138":{"start":{"line":547,"column":4},"end":{"line":549,"column":5}},"139":{"start":{"line":548,"column":6},"end":{"line":548,"column":43}},"140":{"start":{"line":551,"column":4},"end":{"line":551,"column":26}},"141":{"start":{"line":555,"column":19},"end":{"line":565,"column":5}},"142":{"start":{"line":567,"column":4},"end":{"line":567,"column":23}},"143":{"start":{"line":571,"column":27},"end":{"line":571,"column":58}},"144":{"start":{"line":573,"column":4},"end":{"line":573,"column":69}},"145":{"start":{"line":573,"column":29},"end":{"line":573,"column":69}},"146":{"start":{"line":574,"column":4},"end":{"line":574,"column":65}},"147":{"start":{"line":574,"column":29},"end":{"line":574,"column":65}},"148":{"start":{"line":575,"column":4},"end":{"line":575,"column":67}},"149":{"start":{"line":575,"column":29},"end":{"line":575,"column":67}},"150":{"start":{"line":576,"column":4},"end":{"line":576,"column":39}},"151":{"start":{"line":580,"column":23},"end":{"line":599,"column":5}},"152":{"start":{"line":601,"column":4},"end":{"line":603,"column":6}},"153":{"start":{"line":607,"column":4},"end":{"line":620,"column":6}},"154":{"start":{"line":624,"column":4},"end":{"line":631,"column":6}},"155":{"start":{"line":639,"column":4},"end":{"line":642,"column":6}},"156":{"start":{"line":647,"column":4},"end":{"line":649,"column":5}},"157":{"start":{"line":648,"column":6},"end":{"line":648,"column":64}},"158":{"start":{"line":653,"column":4},"end":{"line":656,"column":6}},"159":{"start":{"line":661,"column":4},"end":{"line":665,"column":8}},"160":{"start":{"line":661,"column":33},"end":{"line":665,"column":5}},"161":{"start":{"line":669,"column":19},"end":{"line":680,"column":6}},"162":{"start":{"line":682,"column":23},"end":{"line":682,"column":25}},"163":{"start":{"line":683,"column":4},"end":{"line":685,"column":7}},"164":{"start":{"line":684,"column":6},"end":{"line":684,"column":62}},"165":{"start":{"line":687,"column":4},"end":{"line":687,"column":22}},"166":{"start":{"line":692,"column":4},"end":{"line":692,"column":14}},"167":{"start":{"line":697,"column":19},"end":{"line":699,"column":6}},"168":{"start":{"line":701,"column":19},"end":{"line":701,"column":21}},"169":{"start":{"line":702,"column":4},"end":{"line":705,"column":7}},"170":{"start":{"line":704,"column":6},"end":{"line":704,"column":35}},"171":{"start":{"line":707,"column":4},"end":{"line":707,"column":18}},"172":{"start":{"line":712,"column":4},"end":{"line":712,"column":50}},"173":{"start":{"line":716,"column":20},"end":{"line":716,"column":22}},"174":{"start":{"line":717,"column":4},"end":{"line":720,"column":5}},"175":{"start":{"line":718,"column":21},"end":{"line":718,"column":76}},"176":{"start":{"line":719,"column":6},"end":{"line":719,"column":27}},"177":{"start":{"line":721,"column":4},"end":{"line":721,"column":19}},"178":{"start":{"line":725,"column":0},"end":{"line":725,"column":42}}},"fnMap":{"0":{"name":"(anonymous_0)","decl":{"start":{"line":9,"column":2},"end":{"line":9,"column":3}},"loc":{"start":{"line":9,"column":16},"end":{"line":34,"column":3}},"line":9},"1":{"name":"(anonymous_1)","decl":{"start":{"line":36,"column":2},"end":{"line":36,"column":3}},"loc":{"start":{"line":36,"column":21},"end":{"line":39,"column":3}},"line":36},"2":{"name":"(anonymous_2)","decl":{"start":{"line":46,"column":2},"end":{"line":46,"column":3}},"loc":{"start":{"line":46,"column":42},"end":{"line":87,"column":3}},"line":46},"3":{"name":"(anonymous_3)","decl":{"start":{"line":94,"column":2},"end":{"line":94,"column":3}},"loc":{"start":{"line":94,"column":38},"end":{"line":112,"column":3}},"line":94},"4":{"name":"(anonymous_4)","decl":{"start":{"line":121,"column":2},"end":{"line":121,"column":3}},"loc":{"start":{"line":121,"column":58},"end":{"line":158,"column":3}},"line":121},"5":{"name":"(anonymous_5)","decl":{"start":{"line":165,"column":2},"end":{"line":165,"column":3}},"loc":{"start":{"line":165,"column":30},"end":{"line":209,"column":3}},"line":165},"6":{"name":"(anonymous_6)","decl":{"start":{"line":213,"column":2},"end":{"line":213,"column":3}},"loc":{"start":{"line":213,"column":54},"end":{"line":246,"column":3}},"line":213},"7":{"name":"(anonymous_7)","decl":{"start":{"line":248,"column":2},"end":{"line":248,"column":3}},"loc":{"start":{"line":248,"column":54},"end":{"line":279,"column":3}},"line":248},"8":{"name":"(anonymous_8)","decl":{"start":{"line":281,"column":2},"end":{"line":281,"column":3}},"loc":{"start":{"line":281,"column":50},"end":{"line":311,"column":3}},"line":281},"9":{"name":"(anonymous_9)","decl":{"start":{"line":285,"column":6},"end":{"line":285,"column":7}},"loc":{"start":{"line":285,"column":19},"end":{"line":285,"column":48}},"line":285},"10":{"name":"(anonymous_10)","decl":{"start":{"line":300,"column":36},"end":{"line":300,"column":37}},"loc":{"start":{"line":300,"column":45},"end":{"line":304,"column":11}},"line":300},"11":{"name":"(anonymous_11)","decl":{"start":{"line":315,"column":2},"end":{"line":315,"column":3}},"loc":{"start":{"line":315,"column":49},"end":{"line":340,"column":3}},"line":315},"12":{"name":"(anonymous_12)","decl":{"start":{"line":324,"column":47},"end":{"line":324,"column":48}},"loc":{"start":{"line":325,"column":6},"end":{"line":325,"column":67}},"line":325},"13":{"name":"(anonymous_13)","decl":{"start":{"line":342,"column":2},"end":{"line":342,"column":3}},"loc":{"start":{"line":342,"column":50},"end":{"line":377,"column":3}},"line":342},"14":{"name":"(anonymous_14)","decl":{"start":{"line":379,"column":2},"end":{"line":379,"column":3}},"loc":{"start":{"line":379,"column":48},"end":{"line":397,"column":3}},"line":379},"15":{"name":"(anonymous_15)","decl":{"start":{"line":399,"column":2},"end":{"line":399,"column":3}},"loc":{"start":{"line":399,"column":53},"end":{"line":424,"column":3}},"line":399},"16":{"name":"(anonymous_16)","decl":{"start":{"line":406,"column":13},"end":{"line":406,"column":14}},"loc":{"start":{"line":406,"column":21},"end":{"line":406,"column":56}},"line":406},"17":{"name":"(anonymous_17)","decl":{"start":{"line":407,"column":16},"end":{"line":407,"column":17}},"loc":{"start":{"line":407,"column":27},"end":{"line":407,"column":41}},"line":407},"18":{"name":"(anonymous_18)","decl":{"start":{"line":409,"column":22},"end":{"line":409,"column":23}},"loc":{"start":{"line":409,"column":38},"end":{"line":409,"column":49}},"line":409},"19":{"name":"(anonymous_19)","decl":{"start":{"line":426,"column":2},"end":{"line":426,"column":3}},"loc":{"start":{"line":426,"column":56},"end":{"line":451,"column":3}},"line":426},"20":{"name":"(anonymous_20)","decl":{"start":{"line":433,"column":13},"end":{"line":433,"column":14}},"loc":{"start":{"line":433,"column":21},"end":{"line":433,"column":56}},"line":433},"21":{"name":"(anonymous_21)","decl":{"start":{"line":434,"column":16},"end":{"line":434,"column":17}},"loc":{"start":{"line":434,"column":27},"end":{"line":434,"column":41}},"line":434},"22":{"name":"(anonymous_22)","decl":{"start":{"line":453,"column":2},"end":{"line":453,"column":3}},"loc":{"start":{"line":453,"column":52},"end":{"line":491,"column":3}},"line":453},"23":{"name":"(anonymous_23)","decl":{"start":{"line":495,"column":2},"end":{"line":495,"column":3}},"loc":{"start":{"line":495,"column":41},"end":{"line":517,"column":3}},"line":495},"24":{"name":"(anonymous_24)","decl":{"start":{"line":519,"column":2},"end":{"line":519,"column":3}},"loc":{"start":{"line":519,"column":33},"end":{"line":539,"column":3}},"line":519},"25":{"name":"(anonymous_25)","decl":{"start":{"line":541,"column":2},"end":{"line":541,"column":3}},"loc":{"start":{"line":541,"column":33},"end":{"line":552,"column":3}},"line":541},"26":{"name":"(anonymous_26)","decl":{"start":{"line":554,"column":2},"end":{"line":554,"column":3}},"loc":{"start":{"line":554,"column":54},"end":{"line":568,"column":3}},"line":554},"27":{"name":"(anonymous_27)","decl":{"start":{"line":570,"column":2},"end":{"line":570,"column":3}},"loc":{"start":{"line":570,"column":57},"end":{"line":577,"column":3}},"line":570},"28":{"name":"(anonymous_28)","decl":{"start":{"line":579,"column":2},"end":{"line":579,"column":3}},"loc":{"start":{"line":579,"column":50},"end":{"line":604,"column":3}},"line":579},"29":{"name":"(anonymous_29)","decl":{"start":{"line":606,"column":2},"end":{"line":606,"column":3}},"loc":{"start":{"line":606,"column":31},"end":{"line":621,"column":3}},"line":606},"30":{"name":"(anonymous_30)","decl":{"start":{"line":623,"column":2},"end":{"line":623,"column":3}},"loc":{"start":{"line":623,"column":71},"end":{"line":632,"column":3}},"line":623},"31":{"name":"(anonymous_31)","decl":{"start":{"line":634,"column":2},"end":{"line":634,"column":3}},"loc":{"start":{"line":634,"column":28},"end":{"line":636,"column":3}},"line":634},"32":{"name":"(anonymous_32)","decl":{"start":{"line":638,"column":2},"end":{"line":638,"column":3}},"loc":{"start":{"line":638,"column":54},"end":{"line":643,"column":3}},"line":638},"33":{"name":"(anonymous_33)","decl":{"start":{"line":645,"column":2},"end":{"line":645,"column":3}},"loc":{"start":{"line":645,"column":65},"end":{"line":650,"column":3}},"line":645},"34":{"name":"(anonymous_34)","decl":{"start":{"line":652,"column":2},"end":{"line":652,"column":3}},"loc":{"start":{"line":652,"column":46},"end":{"line":657,"column":3}},"line":652},"35":{"name":"(anonymous_35)","decl":{"start":{"line":659,"column":2},"end":{"line":659,"column":3}},"loc":{"start":{"line":659,"column":56},"end":{"line":666,"column":3}},"line":659},"36":{"name":"(anonymous_36)","decl":{"start":{"line":661,"column":24},"end":{"line":661,"column":25}},"loc":{"start":{"line":661,"column":33},"end":{"line":665,"column":5}},"line":661},"37":{"name":"(anonymous_37)","decl":{"start":{"line":668,"column":2},"end":{"line":668,"column":3}},"loc":{"start":{"line":668,"column":34},"end":{"line":688,"column":3}},"line":668},"38":{"name":"(anonymous_38)","decl":{"start":{"line":683,"column":24},"end":{"line":683,"column":25}},"loc":{"start":{"line":683,"column":40},"end":{"line":685,"column":5}},"line":683},"39":{"name":"(anonymous_39)","decl":{"start":{"line":690,"column":2},"end":{"line":690,"column":3}},"loc":{"start":{"line":690,"column":45},"end":{"line":693,"column":3}},"line":690},"40":{"name":"(anonymous_40)","decl":{"start":{"line":695,"column":2},"end":{"line":695,"column":3}},"loc":{"start":{"line":695,"column":47},"end":{"line":708,"column":3}},"line":695},"41":{"name":"(anonymous_41)","decl":{"start":{"line":702,"column":24},"end":{"line":702,"column":25}},"loc":{"start":{"line":702,"column":33},"end":{"line":705,"column":5}},"line":702},"42":{"name":"(anonymous_42)","decl":{"start":{"line":711,"column":2},"end":{"line":711,"column":3}},"loc":{"start":{"line":711,"column":35},"end":{"line":713,"column":3}},"line":711},"43":{"name":"(anonymous_43)","decl":{"start":{"line":715,"column":2},"end":{"line":715,"column":3}},"loc":{"start":{"line":715,"column":60},"end":{"line":722,"column":3}},"line":715}},"branchMap":{"0":{"loc":{"start":{"line":53,"column":6},"end":{"line":55,"column":7}},"type":"if","locations":[{"start":{"line":53,"column":6},"end":{"line":55,"column":7}},{"start":{},"end":{}}],"line":53},"1":{"loc":{"start":{"line":121,"column":44},"end":{"line":121,"column":56}},"type":"default-arg","locations":[{"start":{"line":121,"column":54},"end":{"line":121,"column":56}}],"line":121},"2":{"loc":{"start":{"line":125,"column":6},"end":{"line":127,"column":7}},"type":"if","locations":[{"start":{"line":125,"column":6},"end":{"line":127,"column":7}},{"start":{},"end":{}}],"line":125},"3":{"loc":{"start":{"line":170,"column":6},"end":{"line":176,"column":7}},"type":"if","locations":[{"start":{"line":170,"column":6},"end":{"line":176,"column":7}},{"start":{},"end":{}}],"line":170},"4":{"loc":{"start":{"line":223,"column":6},"end":{"line":242,"column":7}},"type":"if","locations":[{"start":{"line":223,"column":6},"end":{"line":242,"column":7}},{"start":{},"end":{}}],"line":223},"5":{"loc":{"start":{"line":223,"column":10},"end":{"line":223,"column":50}},"type":"binary-expr","locations":[{"start":{"line":223,"column":10},"end":{"line":223,"column":32}},{"start":{"line":223,"column":36},"end":{"line":223,"column":50}}],"line":223},"6":{"loc":{"start":{"line":253,"c
[...]
"end":{"line":320,"column":10}},"68":{"start":{"line":323,"column":21},"end":{"line":343,"column":7}},"69":{"start":{"line":345,"column":6},"end":{"line":345,"column":28}},"70":{"start":{"line":347,"column":6},"end":{"line":349,"column":8}},"71":{"start":{"line":359,"column":4},"end":{"line":412,"column":5}},"72":{"start":{"line":360,"column":18},"end":{"line":374,"column":7}},"73":{"start":{"line":376,"column":21},"end":{"line":376,"column":23}},"74":{"start":{"line":377,"column":23},"end":{"line":377,"column":24}},"75":{"start":{"line":379,"column":6},"end":{"line":382,"column":7}},"76":{"start":{"line":380,"column":8},"end":{"line":380,"column":58}},"77":{"start":{"line":381,"column":8},"end":{"line":381,"column":41}},"78":{"start":{"line":384,"column":6},"end":{"line":387,"column":7}},"79":{"start":{"line":385,"column":8},"end":{"line":385,"column":57}},"80":{"start":{"line":386,"column":8},"end":{"line":386,"column":40}},"81":{"start":{"line":389,"column":6},"end":{"line":392,"column":7}},"82":{"start":{"line":390,"column":8},"end":{"line":390,"column":54}},"83":{"start":{"line":391,"column":8},"end":{"line":391,"column":38}},"84":{"start":{"line":394,"column":6},"end":{"line":397,"column":7}},"85":{"start":{"line":395,"column":8},"end":{"line":395,"column":66}},"86":{"start":{"line":396,"column":8},"end":{"line":396,"column":49}},"87":{"start":{"line":399,"column":6},"end":{"line":402,"column":7}},"88":{"start":{"line":400,"column":8},"end":{"line":400,"column":59}},"89":{"start":{"line":401,"column":8},"end":{"line":401,"column":42}},"90":{"start":{"line":404,"column":6},"end":{"line":404,"column":104}},"91":{"start":{"line":406,"column":21},"end":{"line":406,"column":50}},"92":{"start":{"line":407,"column":6},"end":{"line":407,"column":25}},"93":{"start":{"line":409,"column":6},"end":{"line":411,"column":8}},"94":{"start":{"line":422,"column":4},"end":{"line":497,"column":5}},"95":{"start":{"line":423,"column":28},"end":{"line":432,"column":7}},"96":{"start":{"line":434,"column":27},"end":{"line":434,"column":29}},"97":{"start":{"line":435,"column":21},"end":{"line":435,"column":23}},"98":{"start":{"line":436,"column":23},"end":{"line":436,"column":24}},"99":{"start":{"line":439,"column":6},"end":{"line":460,"column":7}},"100":{"start":{"line":441,"column":30},"end":{"line":446,"column":9}},"101":{"start":{"line":448,"column":8},"end":{"line":459,"column":9}},"102":{"start":{"line":449,"column":28},"end":{"line":449,"column":60}},"103":{"start":{"line":451,"column":10},"end":{"line":458,"column":12}},"104":{"start":{"line":462,"column":6},"end":{"line":471,"column":7}},"105":{"start":{"line":463,"column":8},"end":{"line":470,"column":9}},"106":{"start":{"line":464,"column":10},"end":{"line":464,"column":57}},"107":{"start":{"line":465,"column":10},"end":{"line":469,"column":11}},"108":{"start":{"line":466,"column":12},"end":{"line":466,"column":47}},"109":{"start":{"line":468,"column":12},"end":{"line":468,"column":31}},"110":{"start":{"line":473,"column":6},"end":{"line":475,"column":7}},"111":{"start":{"line":474,"column":8},"end":{"line":474,"column":53}},"112":{"start":{"line":477,"column":6},"end":{"line":477,"column":58}},"113":{"start":{"line":479,"column":20},"end":{"line":484,"column":7}},"114":{"start":{"line":486,"column":21},"end":{"line":486,"column":66}},"115":{"start":{"line":488,"column":6},"end":{"line":490,"column":7}},"116":{"start":{"line":489,"column":8},"end":{"line":489,"column":62}},"117":{"start":{"line":492,"column":6},"end":{"line":492,"column":28}},"118":{"start":{"line":494,"column":6},"end":{"line":496,"column":8}},"119":{"start":{"line":506,"column":4},"end":{"line":544,"column":5}},"120":{"start":{"line":515,"column":10},"end":{"line":515,"column":25}},"121":{"start":{"line":517,"column":21},"end":{"line":534,"column":7}},"122":{"start":{"line":537,"column":6},"end":{"line":537,"column":51}},"123":{"start":{"line":539,"column":6},"end":{"line":539,"column":28}},"124":{"start":{"line":541,"column":6},"end":{"line":543,"column":8}},"125":{"start":{"line":553,"column":4},"end":{"line":588,"column":5}},"126":{"start":{"line":554,"column":21},"end":{"line":582,"column":7}},"127":{"start":{"line":584,"column":6},"end":{"line":587,"column":8}},"128":{"start":{"line":598,"column":4},"end":{"line":639,"column":5}},"129":{"start":{"line":599,"column":50},"end":{"line":599,"column":57}},"130":{"start":{"line":601,"column":18},"end":{"line":611,"column":7}},"131":{"start":{"line":613,"column":21},"end":{"line":613,"column":33}},"132":{"start":{"line":614,"column":23},"end":{"line":614,"column":24}},"133":{"start":{"line":616,"column":6},"end":{"line":619,"column":7}},"134":{"start":{"line":617,"column":8},"end":{"line":617,"column":61}},"135":{"start":{"line":618,"column":8},"end":{"line":618,"column":31}},"136":{"start":{"line":621,"column":6},"end":{"line":624,"column":7}},"137":{"start":{"line":622,"column":8},"end":{"line":622,"column":61}},"138":{"start":{"line":623,"column":8},"end":{"line":623,"column":29}},"139":{"start":{"line":626,"column":6},"end":{"line":629,"column":7}},"140":{"start":{"line":627,"column":8},"end":{"line":627,"column":60}},"141":{"start":{"line":628,"column":8},"end":{"line":628,"column":33}},"142":{"start":{"line":631,"column":6},"end":{"line":631,"column":60}},"143":{"start":{"line":633,"column":21},"end":{"line":633,"column":50}},"144":{"start":{"line":634,"column":6},"end":{"line":634,"column":25}},"145":{"start":{"line":636,"column":6},"end":{"line":638,"column":8}},"146":{"start":{"line":649,"column":4},"end":{"line":687,"column":5}},"147":{"start":{"line":650,"column":21},"end":{"line":682,"column":7}},"148":{"start":{"line":684,"column":6},"end":{"line":684,"column":25}},"149":{"start":{"line":686,"column":6},"end":{"line":686,"column":77}},"150":{"start":{"line":697,"column":4},"end":{"line":750,"column":5}},"151":{"start":{"line":698,"column":21},"end":{"line":705,"column":7}},"152":{"start":{"line":707,"column":6},"end":{"line":709,"column":7}},"153":{"start":{"line":708,"column":8},"end":{"line":708,"column":62}},"154":{"start":{"line":712,"column":8},"end":{"line":712,"column":22}},"155":{"start":{"line":714,"column":6},"end":{"line":719,"column":7}},"156":{"start":{"line":715,"column":8},"end":{"line":718,"column":10}},"157":{"start":{"line":721,"column":22},"end":{"line":721,"column":35}},"158":{"start":{"line":722,"column":24},"end":{"line":722,"column":28}},"159":{"start":{"line":725,"column":6},"end":{"line":737,"column":7}},"160":{"start":{"line":726,"column":28},"end":{"line":728,"column":9}},"161":{"start":{"line":727,"column":20},"end":{"line":727,"column":51}},"162":{"start":{"line":730,"column":8},"end":{"line":736,"column":9}},"163":{"start":{"line":731,"column":10},"end":{"line":735,"column":11}},"164":{"start":{"line":732,"column":12},"end":{"line":732,"column":35}},"165":{"start":{"line":733,"column":12},"end":{"line":733,"column":31}},"166":{"start":{"line":734,"column":12},"end":{"line":734,"column":18}},"167":{"start":{"line":739,"column":6},"end":{"line":747,"column":8}},"168":{"start":{"line":749,"column":6},"end":{"line":749,"column":76}},"169":{"start":{"line":754,"column":0},"end":{"line":754,"column":43}}},"fnMap":{"0":{"name":"(anonymous_0)","decl":{"start":{"line":19,"column":2},"end":{"line":19,"column":3}},"loc":{"start":{"line":19,"column":46},"end":{"line":74,"column":3}},"line":19},"1":{"name":"(anonymous_1)","decl":{"start":{"line":82,"column":2},"end":{"line":82,"column":3}},"loc":{"start":{"line":82,"column":44},"end":{"line":135,"column":3}},"line":82},"2":{"name":"(anonymous_2)","decl":{"start":{"line":143,"column":2},"end":{"line":143,"column":3}},"loc":{"start":{"line":143,"column":45},"end":{"line":172,"column":3}},"line":143},"3":{"name":"(anonymous_3)","decl":{"start":{"line":181,"column":2},"end":{"line":181,"column":3}},"loc":{"start":{"line":181,"column":56},"end":{"line":237,"column":3}},"line":181},"4":{"name":"(anonymous_4)","decl":{"start":{"line":246,"column":2},"end":{"line":246,"column":3}},"loc":{"start":{"line":246,"column":64},"end":{"line":290,"column":3}},"line":246},"5":{"name":"(anonymous_5)","decl":{"start":{"line":297,"column":2},"end":{"line":297,"column":3}},"loc":{"start":{"line":297,"column":47},"end":{"line":351,"column":3}},"line":297},"6":{"name":"(anonymous_6)","decl":{"start":{"line":358,"column":2},"end":{"line":358,"column":3}},"loc":{"start":{"line":358,"column":49},"end":{"line":413,"column":3}},"line":358},"7":{"name":"(anonymous_7)","decl":{"start":{"line":421,"column":2},"end":{"line":421,"column":3}},"loc":{"start":{"line":421,"column":60},"end":{"line":498,"column":3}},"line":421},"8":{"name":"(anonymous_8)","decl":{"start":{"line":505,"column":2},"end":{"line":505,"column":3}},"loc":{"start":{"line":505,"column":51},"end":{"line":545,"column":3}},"line":505},"9":{"name":"(anonymous_9)","decl":{"start":{"line":552,"column":2},"end":{"line":552,"column":3}},"loc":{"start":{"line":552,"column":41},"end":{"line":589,"column":3}},"line":552},"10":{"name":"(anonymous_10)","decl":{"start":{"line":597,"column":2},"end":{"line":597,"column":3}},"loc":{"start":{"line":597,"column":66},"end":{"line":640,"column":3}},"line":597},"11":{"name":"(anonymous_11)","decl":{"start":{"line":648,"column":2},"end":{"line":648,"column":3}},"loc":{"start":{"line":648,"column":62},"end":{"line":688,"column":3}},"line":648},"12":{"name":"(anonymous_12)","decl":{"start":{"line":696,"column":2},"end":{"line":696,"column":3}},"loc":{"start":{"line":696,"column":58},"end":{"line":751,"column":3}},"line":696},"13":{"name":"(anonymous_13)","decl":{"start":{"line":727,"column":10},"end":{"line":727,"column":11}},"loc":{"start":{"line":727,"column":20},"end":{"line":727,"column":51}},"line":727}},"branchMap":{"0":{"loc":{"start":{"line":33,"column":8},"end":{"line":33,"column":24}},"type":"default-arg","locations":[{"start":{"line":33,"column":19},"end":{"line":33,"column":24}}],"line":33},"1":{"loc":{"start":{"line":37,"column":8},"end":{"line":37,"column":34}},"type":"default-arg","locations":[{"start":{"line":37,"column":29},"end":{"line":37,"column":34}}],"line":37},"2":{"loc":{"start":{"line":82,"column":30},"end":{"line":82,"column":42}},"type":"default-arg","locations":[{"start":{"line":82,"column":40},"end":{"line":82,"column":42}}],"line":82},"3":{"loc":{"start":{"line":99,"column":6},"end":{"line":102,"column":7}},"type":"if","locations":[{"start":{"line":99,"column":6},"end":{"line":102,"column":7}},{"start":{},"end":{}}],"line":99},"4":{"loc":{"start":{"line":104,"column":6},"end":{"line":107,"column":7}},"type":"if","locations":[{"start":{"line":104,"column":6},"end":{"line":107,"column":7}},{"start":{},"end":{}}],"line":104},"5":{"loc":{"start":{"line":109,"column":6},"end":{"line":113,"column":7}},"type":"if","locations":[{"start":{"line":109,"column":6},"end":{"line":113,"column":7}},{"start":{},"end":{}}],"line":109},"6":{"loc":{"start":{"line":120,"column":6},"end":{"line":123,"column":7}},"type":"if","locations":[{"start":{"line":120,"column":6},"end":{"line":123,"column":7}},{"start":{},"end":{}}],"line":120},"7":{"loc":{"start":{"line":125,"column":6},"end":{"line":128,"column":7}},"type":"if","locations":[{"start":{"line":125,"column":6},"end":{"line":128,"column":7}},{"start":{},"end":{}}],"line":125},"8":{"loc":{"start":{"line":164,"column":6},"end":{"line":166,"column":7}},"type":"if","locations":[{"start":{"line":164,"column":6},"end":{"line":166,"column":7}},{"start":{},"end":{}}],"line":164},"9":{"loc":{"start":{"line":208,"column":8},"end":{"line":211,"column":9}},"type":"if","locations":[{"start":{"line":208,"column":8},"end":{"line":211,"column":9}},{"start":{},"end":{}}],"line":208},"10":{"loc":{"start":{"line":214,"column":6},"end":{"line":216,"column":7}},"type":"if","locations":[{"start":{"line":214,"column":6},"end":{"line":216,"column":7}},{"start":{},"end":{}}],"line":214},"11":{"loc":{"start":{"line":229,"column":6},"end":{"line":231,"column":7}},"type":"if","locations":[{"start":{"line":229,"column":6},"end":{"line":231,"column":7}},{"start":{},"end":{}}],"line":229},"12":{"loc":{"start":{"line":246,"column":44},"end":{"line":246,"column":62}},"type":"default-arg","locations":[{"start":{"line":246,"column":57},"end":{"line":246,"column":62}}],"line":246},"13":{"loc":{"start":{"line":248,"column":6},"end":{"line":286,"column":7}},"type":"if","locations":[{"start":{"line":248,"column":6},"end":{"line":286,"column":7}},{"start":{"line":274,"column":13},"end":{"line":286,"column":7}}],"line":248},"14":{"loc":{"start":{"line":259,"column":8},"end":{"line":263,"column":9}},"type":"if","locations":[{"start":{"line":259,"column":8},"end":{"line":263,"column":9}},{"start":{},"end":{}}],"line":259},"15":{"loc":{"start":{"line":307,"column":8},"end":{"line":307,"column":25}},"type":"default-arg","locations":[{"start":{"line":307,"column":23},"end":{"line":307,"column":25}}],"line":307},"16":{"loc":{"start":{"line":308,"column":8},"end":{"line":308,"column":35}},"type":"default-arg","locations":[{"start":{"line":308,"column":30},"end":{"line":308,"column":35}}],"line":308},"17":{"loc":{"start":{"line":312,"column":6},"end":{"line":321,"column":7}},"type":"if","locations":[{"start":{"line":312,"column":6},"end":{"line":321,"column":7}},{"start":{},"end":{}}],"line":312},"18":{"loc":{"start":{"line":358,"column":35},"end":{"line":358,"column":47}},"type":"default-arg","locations":[{"start":{"line":358,"column":45},"end":{"line":358,"column":47}}],"line":358},"19":{"loc":{"start":{"line":379,"column":6},"end":{"line":382,"column":7}},"type":"if","locations":[{"start":{"line":379,"column":6},"end":{"line":382,"column":7}},{"start":{},"end":{}}],"line":379},"20":{"loc":{"start":{"line":384,"column":6},"end":{"line":387,"column":7}},"type":"if","locations":[{"start":{"line":384,"column":6},"end":{"line":387,"column":7}},{"start":{},"end":{}}],"line":384},"21":{"loc":{"start":{"line":389,"column":6},"end":{"line":392,"column":7}},"type":"if","locations":[{"start":{"line":389,"column":6},"end":{"line":392,"column":7}},{"start":{},"end":{}}],"line":389},"22":{"loc":{"start":{"line":394,"column":6},"end":{"line":397,"column":7}},"type":"if","locations":[{"start":{"line":394,"column":6},"end":{"line":397,"column":7}},{"start":{},"end":{}}],"line":394},"23":{"loc":{"start":{"line":399,"column":6},"end":{"line":402,"column":7}},"type":"if","locations":[{"start":{"line":399,"column":6},"end":{"line":402,"column":7}},{"start":{},"end":{}}],"line":399},"24":{"loc":{"start":{"line":439,"column":6},"end":{"line":460,"column":7}},"type":"if","locations":[{"start":{"line":439,"column":6},"end":{"line":460,"column":7}},{"start":{},"end":{}}],"line":439},"25":{"loc":{"start":{"line":448,"column":8},"end":{"line":459,"column":9}},"type":"if","locations":[{"start":{"line":448,"column":8},"end":{"line":459,"column":9}},{"start":{},"end":{}}],"line":448},"26":{"loc":{"start":{"line":463,"column":8},"end":{"line":470,"column":9}},"type":"if","locations":[{"start":{"line":463,"column":8},"end":{"line":470,"column":9}},{"start":{},"end":{}}],"line":463},"27":{"loc":{"start":{"line":465,"column":10},"end":{"line":469,"column":11}},"type":"if","locations":[{"start":{"line":465,"column":10},"end":{"line":469,"column":11}},{"start":{"line":467,"column":17},"end":{"line":469,"column":11}}],"line":465},"28":{"loc":{"start":{"line":473,"column":6},"end":{"line":475,"column":7}},"type":"if","locations":[{"start":{"line":473,"column":6},"end":{"line":475,"column":7}},{"start":{},"end":{}}],"line":473},"29":{"loc":{"start":{"line":488,"column":6},"end":{"line":490,"column":7}},"type":"if","locations":[{"start":{"line":488,"column":6},"end":{"line":490,"column":7}},{"start":{},"end":{}}],"line":488},"30":{"loc":{"start":{"line":597,"column":52},"end":{"line":597,"column":64}},"type":"default-arg","locations":[{"start":{"line":597,"column":62},"end":{"line":597,"column":64}}],"line":597},"31":{"loc":{"start":{"line":616,"column":6},"end":{"line":619,"column":7}},"type":"if","locations":[{"start":{"line":616,"column":6},"end":{"line":619,"column":7}},{"start":{},"end":{}}],"line":616},"32":{"loc":{"start":{"line":621,"column":6},"end":{"line":624,"column":7}},"type":"if","locations":[{"start":{"line":621,"column":6},"end":{"line":624,"column":7}},{"start":{},"end":{}}],"line":621},"33":{"loc":{"start":{"line":626,"column":6},"end":{"line":629,"column":7}},"type":"if","locations":[{"start":{"line":626,"column":6},"end":{"line":629,"column":7}},{"start":{},"end":{}}],"line":626},"34":{"loc":{"start":{"line":626,"column":10},"end":{"line":626,"column":47}},"type":"binary-expr","locations":[{"start":{"line":626,"column":10},"end":{"line":626,"column":21}},{"start":{"line":626,"column":25},"end":{"line":626,"column":47}}],"line":626},"35":{"loc":{"start":{"line":648,"column":51},"end":{"line":648,"column":60}},"type":"default-arg","locations":[{"start":{"line":648,"column":59},"end":{"line":648,"column":60}}],"line":648},"36":{"loc":{"start":{"line":707,"column":6},"end":{"line":709,"column":7}},"type":"if","locations":[{"start":{"line":707,"column":6},"end":{"line":709,"column":7}},{"start":{},"end":{}}],"line":707},"37":{"loc":{"start":{"line":714,"column":6},"end":{"line":719,"column":7}},"type":"if","locations":[{"start":{"line":714,"column":6},"end":{"line":719,"column":7}},{"start":{},"end":{}}],"line":714},"38":{"loc":{"start":{"line":725,"column":6},"end":{"line":737,"column":7}},"type":"if","locations":[{"start":{"line":725,"column":6},"end":{"line":737,"column":7}},{"start":{},"end":{}}],"line":725},"39":{"loc":{"start":{"line":725,"column":10},"end":{"line":725,"column":49}},"type":"binary-expr","locations":[{"start":{"line":725,"column":10},"end":{"line":725,"column":22}},{"start":{"line":725,"column":26},"end":{"line":725,"column":49}}],"line":725},"40":{"loc":{"start":{"line":731,"column":10},"end":{"line":735,"column":11}},"type":"if","locations":[{"start":{"line":731,"column":10},"end":{"line":735,"column":11}},{"start":{},"end":{}}],"line":731}},"s":{"0":1,"1":0,"2":0,"3":0,"4":0,"5":0,"6":0,"7":0,"8":0,"9":0,"10":0,"11":0,"12":0,"13":0,"14":0,"15":0,"16":0,"17":0,"18":0,"19":0,"20":0,"21":0,"22":0,"23":0,"24":0,"25":0,"26":0,"27":0,"28":0,"29":0,"30":0,"31":0,"32":0,"33":0,"34":0,"35":0,"36":0,"37":0,"38":0,"39":0,"40":0,"41":0,"42":0,"43":0,"44":0,"45":0,"46":0,"47":0,"48":0,"49":0,"50":0,"51":0,"52":0,"53":0,"54":0,"55":0,"56":0,"57":0,"58":0,"59":0,"60":0,"61":0,"62":0,"63":0,"64":0,"65":0,"66":0,"67":0,"68":0,"69":0,"70":0,"71":0,"72":0,"73":0,"74":0,"75":0,"76":0,"77":0,"78":0,"79":0,"80":0,"81":0,"82":0,"83":0,"84":0,"85":0,"86":0,"87":0,"88":0,"89":0,"90":0,"91":0,"92":0,"93":0,"94":0,"95":0,"96":0,"97":0,"98":0,"99":0,"100":0,"101":0,"102":0,"103":0,"104":0,"105":0,"106":0,"107":0,"108":0,"109":0,"110":0,"111":0,"112":0,"113":0,"114":0,"115":0,"116":0,"117":0,"118":0,"119":0,"120":0,"121":0,"122":0,"123":0,"124":0,"125":0,"126":0,"127":0,"128":0,"129":0,"130":0,"131":0,"132":0,"133":0,"134":0,"135":0,"136":0,"137":0,"138":0,"139":0,"140":0,"141":0,"142":0,"143":0,"144":0,"145":0,"146":0,"147":0,"148":0,"149":0,"150":0,"151":0,"152":0,"153":0,"154":0,"155":0,"156":0,"157":0,"158":0,"159":0,"160":0,"161":0,"162":0,"163":0,"164":0,"165":0,"166":0,"167":0,"168":0,"169":1},"f":{"0":0,"1":0,"2":0,"3":0,"4":0,"5":0,"6":0,"7":0,"8":0,"9":0,"10":0,"11":0,"12":0,"13":0},"b":{"0":[0],"1":[0],"2":[0],"3":[0,0],"4":[0,0],"5":[0,0],"6":[0,0],"7":[0,0],"8":[0,0],"9":[0,0],"10":[0,0],"11":[0,0],"12":[0],"13":[0,0],"14":[0,0],"15":[0],"16":[0],"17":[0,0],"18":[0],"19":[0,0],"20":[0,0],"21":[0,0],"22":[0,0],"23":[0,0],"24":[0,0],"25":[0,0],"26":[0,0],"27":[0,0],"28":[0,0],"29":[0,0],"30":[0],"31":[0,0],"32":[0,0],"33":[0,0],"34":[0,0],"35":[0],"36":[0,0],"37":[0,0],"38":[0,0],"39":[0,0],"40":[0,0]},"_coverageSchema":"1a1c01bbd47fc00a2c39e90264f33305004495a9","hash":"118f42771d6af1dd444c36ba548467aa769eba53"}
}
