TN:
SF:config/redis.js
FN:10,(anonymous_0)
FN:14,(anonymous_1)
FN:19,(anonymous_2)
FNF:3
FNH:1
FNDA:0,(anonymous_0)
FNDA:0,(anonymous_1)
FNDA:1,(anonymous_2)
DA:1,1
DA:2,1
DA:3,1
DA:6,1
DA:10,1
DA:11,0
DA:14,1
DA:15,0
DA:19,1
DA:20,1
DA:24,1
DA:25,1
DA:26,1
DA:29,1
DA:33,1
DA:37,1
DA:41,1
DA:47,1
DA:48,1
DA:49,1
DA:50,1
DA:53,1
DA:57,1
DA:58,1
DA:59,1
DA:63,1
DA:67,1
DA:71,1
DA:76,1
LF:29
LH:27
BRF:0
BRH:0
end_of_record
TN:
SF:src/__tests__/setup/testDb.js
FN:40,(anonymous_0)
FN:53,(anonymous_1)
FN:54,(anonymous_2)
FNF:3
FNH:3
FNDA:35,(anonymous_0)
FNDA:14,(anonymous_1)
FNDA:25,(anonymous_2)
DA:7,8
DA:8,8
DA:12,8
DA:19,8
DA:27,8
DA:32,8
DA:40,8
DA:41,35
DA:42,35
DA:43,35
DA:44,35
DA:45,35
DA:46,35
DA:49,35
DA:53,8
DA:54,14
DA:55,25
DA:56,25
DA:60,8
LF:19
LH:19
BRDA:12,0,0,8
BRDA:12,0,1,8
BRDA:13,1,0,8
BRDA:13,1,1,8
BRDA:14,2,0,8
BRDA:14,2,1,8
BRDA:15,3,0,8
BRDA:15,3,1,8
BRDA:15,4,0,8
BRDA:15,4,1,8
BRDA:16,5,0,8
BRDA:16,5,1,8
BRF:12
BRH:12
end_of_record
TN:
SF:src/models/Analytics.js
FN:6,(anonymous_0)
FN:74,(anonymous_1)
FN:133,(anonymous_2)
FN:178,(anonymous_3)
FN:243,(anonymous_4)
FN:326,(anonymous_5)
FN:345,(anonymous_6)
FN:348,(anonymous_7)
FN:351,(anonymous_8)
FN:355,(anonymous_9)
FN:359,(anonymous_10)
FN:366,(anonymous_11)
FN:372,(anonymous_12)
FN:378,(anonymous_13)
FN:386,(anonymous_14)
FN:424,(anonymous_15)
FN:441,(anonymous_16)
FN:454,(anonymous_17)
FN:464,(anonymous_18)
FN:468,(anonymous_19)
FN:472,(anonymous_20)
FN:476,(anonymous_21)
FN:480,(anonymous_22)
FN:484,(anonymous_23)
FN:489,(anonymous_24)
FNF:25
FNH:17
FNDA:2,(anonymous_0)
FNDA:2,(anonymous_1)
FNDA:1,(anonymous_2)
FNDA:1,(anonymous_3)
FNDA:1,(anonymous_4)
FNDA:1,(anonymous_5)
FNDA:1,(anonymous_6)
FNDA:1,(anonymous_7)
FNDA:1,(anonymous_8)
FNDA:1,(anonymous_9)
FNDA:1,(anonymous_10)
FNDA:1,(anonymous_11)
FNDA:1,(anonymous_12)
FNDA:1,(anonymous_13)
FNDA:1,(anonymous_14)
FNDA:1,(anonymous_15)
FNDA:1,(anonymous_16)
FNDA:0,(anonymous_17)
FNDA:0,(anonymous_18)
FNDA:0,(anonymous_19)
FNDA:0,(anonymous_20)
FNDA:0,(anonymous_21)
FNDA:0,(anonymous_22)
FNDA:0,(anonymous_23)
FNDA:0,(anonymous_24)
DA:1,1
DA:2,1
DA:11,2
DA:25,2
DA:27,2
DA:28,0
DA:29,0
DA:32,2
DA:42,2
DA:43,0
DA:46,2
DA:69,2
DA:70,2
DA:75,2
DA:128,2
DA:129,2
DA:134,1
DA:164,1
DA:166,1
DA:167,0
DA:168,0
DA:171,1
DA:173,1
DA:174,1
DA:183,1
DA:200,1
DA:202,1
DA:203,0
DA:204,0
DA:207,1
DA:238,1
DA:239,1
DA:244,1
DA:321,1
DA:322,1
DA:327,1
DA:334,1
DA:343,1
DA:344,1
DA:345,1
DA:347,1
DA:348,1
DA:350,1
DA:351,1
DA:354,1
DA:355,1
DA:358,1
DA:359,1
DA:364,1
DA:366,1
DA:371,1
DA:372,1
DA:376,1
DA:378,1
DA:384,1
DA:386,1
DA:391,1
DA:418,0
DA:419,0
DA:425,1
DA:426,1
DA:428,1
DA:442,1
DA:448,1
DA:455,0
DA:459,0
DA:460,0
DA:465,0
DA:469,0
DA:473,0
DA:477,0
DA:481,0
DA:485,0
DA:486,0
DA:490,0
DA:491,0
DA:495,1
LF:77
LH:56
BRDA:8,0,0,0
BRDA:9,1,0,2
BRDA:27,2,0,0
BRDA:27,2,1,2
BRDA:42,3,0,0
BRDA:42,3,1,2
BRDA:43,4,0,0
BRDA:43,4,1,0
BRDA:74,5,0,0
BRDA:133,6,0,1
BRDA:166,7,0,0
BRDA:166,7,1,1
BRDA:180,8,0,0
BRDA:181,9,0,1
BRDA:202,10,0,0
BRDA:202,10,1,1
BRDA:243,11,0,0
BRDA:355,12,0,1
BRDA:355,12,1,1
BRDA:359,13,0,1
BRDA:359,13,1,0
BRDA:364,14,0,1
BRDA:364,14,1,0
BRDA:366,15,0,1
BRDA:366,15,1,1
BRDA:372,16,0,1
BRDA:372,16,1,1
BRDA:376,17,0,1
BRDA:376,17,1,0
BRDA:378,18,0,1
BRDA:378,18,1,1
BRDA:384,19,0,1
BRDA:384,19,1,0
BRDA:386,20,0,1
BRDA:386,20,1,1
BRDA:400,21,0,0
BRDA:400,21,1,1
BRDA:424,22,0,0
BRDA:448,23,0,1
BRDA:448,23,1,0
BRF:40
BRH:23
end_of_record
TN:
SF:src/models/ForecastAccuracy.js
FN:8,(anonymous_0)
FN:46,(anonymous_1)
FN:53,(anonymous_2)
FN:82,(anonymous_3)
FN:113,(anonymous_4)
FN:170,(anonymous_5)
FN:217,(anonymous_6)
FN:273,(anonymous_7)
FN:306,(anonymous_8)
FN:321,(anonymous_9)
FN:332,(anonymous_10)
FNF:11
FNH:4
FNDA:1,(anonymous_0)
FNDA:0,(anonymous_1)
FNDA:0,(anonymous_2)
FNDA:0,(anonymous_3)
FNDA:1,(anonymous_4)
FNDA:1,(anonymous_5)
FNDA:0,(anonymous_6)
FNDA:0,(anonymous_7)
FNDA:0,(anonymous_8)
FNDA:0,(anonymous_9)
FNDA:1,(anonymous_10)
DA:1,2
DA:2,2
DA:16,1
DA:18,1
DA:40,1
DA:47,0
DA:48,0
DA:51,0
DA:54,0
DA:62,0
DA:75,0
DA:76,0
DA:83,0
DA:92,0
DA:94,0
DA:95,0
DA:96,0
DA:99,0
DA:100,0
DA:101,0
DA:104,0
DA:106,0
DA:107,0
DA:120,1
DA:122,0
DA:123,0
DA:125,1
DA:126,1
DA:128,0
DA:129,0
DA:131,0
DA:134,1
DA:149,1
DA:151,1
DA:152,0
DA:153,0
DA:156,1
DA:157,0
DA:158,0
DA:161,1
DA:163,1
DA:164,1
DA:175,1
DA:186,1
DA:187,1
DA:189,1
DA:190,1
DA:191,1
DA:194,1
DA:195,0
DA:196,0
DA:199,1
DA:200,0
DA:201,0
DA:204,1
DA:205,1
DA:208,1
DA:210,1
DA:211,1
DA:224,0
DA:226,0
DA:227,0
DA:229,0
DA:230,0
DA:232,0
DA:233,0
DA:235,0
DA:238,0
DA:252,0
DA:254,0
DA:255,0
DA:256,0
DA:259,0
DA:260,0
DA:261,0
DA:264,0
DA:266,0
DA:267,0
DA:278,0
DA:300,0
DA:307,0
DA:315,0
DA:322,0
DA:328,0
DA:333,1
DA:337,2
LF:86
LH:30
BRDA:13,0,0,1
BRDA:14,1,0,1
BRDA:47,2,0,0
BRDA:47,2,1,0
BRDA:47,3,0,0
BRDA:47,3,1,0
BRDA:57,4,0,0
BRDA:57,4,1,0
BRDA:58,5,0,0
BRDA:58,5,1,0
BRDA:82,6,0,0
BRDA:82,7,0,0
BRDA:94,8,0,0
BRDA:94,8,1,0
BRDA:99,9,0,0
BRDA:99,9,1,0
BRDA:115,10,0,0
BRDA:116,11,0,1
BRDA:117,12,0,1
BRDA:120,13,0,0
BRDA:120,13,1,1
BRDA:120,13,2,0
BRDA:120,13,3,0
BRDA:151,14,0,0
BRDA:151,14,1,1
BRDA:156,15,0,0
BRDA:156,15,1,1
BRDA:171,16,0,0
BRDA:172,17,0,1
BRDA:173,18,0,1
BRDA:189,19,0,1
BRDA:189,19,1,0
BRDA:194,20,0,0
BRDA:194,20,1,1
BRDA:199,21,0,0
BRDA:199,21,1,1
BRDA:204,22,0,1
BRDA:204,22,1,0
BRDA:219,23,0,0
BRDA:220,24,0,0
BRDA:221,25,0,0
BRDA:224,26,0,0
BRDA:224,26,1,0
BRDA:224,26,2,0
BRDA:224,26,3,0
BRDA:254,27,0,0
BRDA:254,27,1,0
BRDA:259,28,0,0
BRDA:259,28,1,0
BRDA:275,29,0,0
BRDA:276,30,0,0
BRDA:321,31,0,0
BRF:52
BRH:13
end_of_record
TN:
SF:src/models/Product.js
FN:5,(anonymous_0)
FN:20,(anonymous_1)
FN:33,(anonymous_2)
FN:45,(anonymous_3)
FN:55,(anonymous_4)
FN:85,(anonymous_5)
FN:98,(anonymous_6)
FNF:7
FNH:0
FNDA:0,(anonymous_0)
FNDA:0,(anonymous_1)
FNDA:0,(anonymous_2)
FNDA:0,(anonymous_3)
FNDA:0,(anonymous_4)
FNDA:0,(anonymous_5)
FNDA:0,(anonymous_6)
DA:1,1
DA:2,1
DA:6,0
DA:8,0
DA:17,0
DA:21,0
DA:30,0
DA:34,0
DA:42,0
DA:46,0
DA:52,0
DA:57,0
DA:62,0
DA:64,0
DA:71,0
DA:74,0
DA:75,0
DA:81,0
DA:86,0
DA:95,0
DA:99,0
DA:104,0
DA:108,1
LF:23
LH:3
BRDA:42,0,0,0
BRDA:42,0,1,0
BRDA:52,1,0,0
BRDA:52,1,1,0
BRDA:62,2,0,0
BRDA:62,2,1,0
BRF:6
BRH:0
end_of_record
TN:
SF:src/models/Sale.js
FN:5,(anonymous_0)
FN:18,(anonymous_1)
FN:19,(anonymous_2)
FN:33,(anonymous_3)
FN:56,(anonymous_4)
FN:98,(anonymous_5)
FN:128,(anonymous_6)
FN:145,(anonymous_7)
FNF:8
FNH:0
FNDA:0,(anonymous_0)
FNDA:0,(anonymous_1)
FNDA:0,(anonymous_2)
FNDA:0,(anonymous_3)
FNDA:0,(anonymous_4)
FNDA:0,(anonymous_5)
FNDA:0,(anonymous_6)
FNDA:0,(anonymous_7)
DA:1,1
DA:2,1
DA:6,0
DA:8,0
DA:15,0
DA:19,0
DA:20,0
DA:23,0
DA:29,0
DA:30,0
DA:34,0
DA:38,0
DA:40,0
DA:41,0
DA:42,0
DA:45,0
DA:46,0
DA:47,0
DA:50,0
DA:52,0
DA:53,0
DA:58,0
DA:60,0
DA:61,0
DA:63,0
DA:64,0
DA:66,0
DA:67,0
DA:69,0
DA:72,0
DA:80,0
DA:82,0
DA:83,0
DA:84,0
DA:87,0
DA:88,0
DA:89,0
DA:92,0
DA:94,0
DA:95,0
DA:99,0
DA:110,0
DA:112,0
DA:113,0
DA:114,0
DA:117,0
DA:118,0
DA:119,0
DA:122,0
DA:124,0
DA:125,0
DA:129,0
DA:142,0
DA:146,0
DA:151,0
DA:155,1
LF:56
LH:3
BRDA:33,0,0,0
BRDA:33,1,0,0
BRDA:40,2,0,0
BRDA:40,2,1,0
BRDA:45,3,0,0
BRDA:45,3,1,0
BRDA:56,4,0,0
BRDA:56,5,0,0
BRDA:56,6,0,0
BRDA:58,7,0,0
BRDA:58,7,1,0
BRDA:58,7,2,0
BRDA:58,7,3,0
BRDA:82,8,0,0
BRDA:82,8,1,0
BRDA:87,9,0,0
BRDA:87,9,1,0
BRDA:98,10,0,0
BRDA:98,11,0,0
BRDA:112,12,0,0
BRDA:112,12,1,0
BRDA:117,13,0,0
BRDA:117,13,1,0
BRDA:128,14,0,0
BRF:24
BRH:0
end_of_record
TN:
SF:src/models/Store.js
FN:6,(anonymous_0)
FN:20,(anonymous_1)
FN:31,(anonymous_2)
FN:44,(anonymous_3)
FN:53,(anonymous_4)
FN:66,(anonymous_5)
FN:76,(anonymous_6)
FN:88,(anonymous_7)
FNF:8
FNH:0
FNDA:0,(anonymous_0)
FNDA:0,(anonymous_1)
FNDA:0,(anonymous_2)
FNDA:0,(anonymous_3)
FNDA:0,(anonymous_4)
FNDA:0,(anonymous_5)
FNDA:0,(anonymous_6)
FNDA:0,(anonymous_7)
DA:1,1
DA:2,1
DA:3,1
DA:7,0
DA:8,0
DA:10,0
DA:17,0
DA:21,0
DA:28,0
DA:32,0
DA:37,0
DA:38,0
DA:41,0
DA:45,0
DA:50,0
DA:54,0
DA:56,0
DA:63,0
DA:67,0
DA:72,0
DA:77,0
DA:78,0
DA:79,0
DA:81,0
DA:82,0
DA:83,0
DA:85,0
DA:89,0
DA:90,0
DA:92,0
DA:93,0
DA:94,0
DA:96,0
DA:97,0
DA:98,0
DA:100,0
DA:104,1
LF:37
LH:4
BRDA:37,0,0,0
BRDA:37,0,1,0
BRDA:41,1,0,0
BRDA:41,1,1,0
BRDA:50,2,0,0
BRDA:50,2,1,0
BRF:6
BRH:0
end_of_record
TN:
SF:src/services/ConflictResolutionEngine.js
FN:9,(anonymous_0)
FN:36,(anonymous_1)
FN:46,(anonymous_2)
FN:94,(anonymous_3)
FN:121,(anonymous_4)
FN:165,(anonymous_5)
FN:213,(anonymous_6)
FN:248,(anonymous_7)
FN:281,(anonymous_8)
FN:285,(anonymous_9)
FN:300,(anonymous_10)
FN:315,(anonymous_11)
FN:324,(anonymous_12)
FN:342,(anonymous_13)
FN:379,(anonymous_14)
FN:399,(anonymous_15)
FN:406,(anonymous_16)
FN:407,(anonymous_17)
FN:409,(anonymous_18)
FN:426,(anonymous_19)
FN:433,(anonymous_20)
FN:434,(anonymous_21)
FN:453,(anonymous_22)
FN:495,(anonymous_23)
FN:519,(anonymous_24)
FN:541,(anonymous_25)
FN:554,(anonymous_26)
FN:570,(anonymous_27)
FN:579,(anonymous_28)
FN:606,(anonymous_29)
FN:623,(anonymous_30)
FN:634,(anonymous_31)
FN:638,(anonymous_32)
FN:645,(anonymous_33)
FN:652,(anonymous_34)
FN:659,(anonymous_35)
FN:661,(anonymous_36)
FN:668,(anonymous_37)
FN:683,(anonymous_38)
FN:690,(anonymous_39)
FN:695,(anonymous_40)
FN:702,(anonymous_41)
FN:711,(anonymous_42)
FN:715,(anonymous_43)
FNF:44
FNH:4
FNDA:2,(anonymous_0)
FNDA:0,(anonymous_1)
FNDA:1,(anonymous_2)
FNDA:0,(anonymous_3)
FNDA:0,(anonymous_4)
FNDA:0,(anonymous_5)
FNDA:0,(anonymous_6)
FNDA:0,(anonymous_7)
FNDA:0,(anonymous_8)
FNDA:0,(anonymous_9)
FNDA:0,(anonymous_10)
FNDA:0,(anonymous_11)
FNDA:0,(anonymous_12)
FNDA:0,(anonymous_13)
FNDA:0,(anonymous_14)
FNDA:0,(anonymous_15)
FNDA:0,(anonymous_16)
FNDA:0,(anonymous_17)
FNDA:0,(anonymous_18)
FNDA:0,(anonymous_19)
FNDA:0,(anonymous_20)
FNDA:0,(anonymous_21)
FNDA:0,(anonymous_22)
FNDA:1,(anonymous_23)
FNDA:0,(anonymous_24)
FNDA:0,(anonymous_25)
FNDA:0,(anonymous_26)
FNDA:0,(anonymous_27)
FNDA:0,(anonymous_28)
FNDA:0,(anonymous_29)
FNDA:0,(anonymous_30)
FNDA:0,(anonymous_31)
FNDA:0,(anonymous_32)
FNDA:0,(anonymous_33)
FNDA:0,(anonymous_34)
FNDA:0,(anonymous_35)
FNDA:0,(anonymous_36)
FNDA:0,(anonymous_37)
FNDA:0,(anonymous_38)
FNDA:0,(anonymous_39)
FNDA:0,(anonymous_40)
FNDA:0,(anonymous_41)
FNDA:1,(anonymous_42)
FNDA:0,(anonymous_43)
DA:1,1
DA:2,1
DA:10,2
DA:19,2
DA:28,2
DA:38,0
DA:47,1
DA:48,1
DA:51,1
DA:53,1
DA:54,1
DA:58,0
DA:62,0
DA:65,0
DA:69,0
DA:72,0
DA:76,0
DA:79,0
DA:80,0
DA:83,0
DA:85,0
DA:95,0
DA:96,0
DA:99,0
DA:101,0
DA:102,0
DA:105,0
DA:108,0
DA:110,0
DA:122,0
DA:123,0
DA:125,0
DA:126,0
DA:130,0
DA:133,0
DA:141,0
DA:143,0
DA:150,0
DA:156,0
DA:166,0
DA:168,0
DA:170,0
DA:171,0
DA:179,0
DA:184,0
DA:189,0
DA:192,0
DA:202,0
DA:214,0
DA:215,0
DA:217,0
DA:218,0
DA:221,0
DA:223,0
DA:225,0
DA:245,0
DA:249,0
DA:250,0
DA:252,0
DA:253,0
DA:254,0
DA:257,0
DA:259,0
DA:260,0
DA:278,0
DA:282,0
DA:283,0
DA:284,0
DA:285,0
DA:289,0
DA:291,0
DA:300,0
DA:310,0
DA:316,0
DA:319,0
DA:324,0
DA:325,0
DA:329,0
DA:334,0
DA:344,0
DA:345,0
DA:348,0
DA:349,0
DA:351,0
DA:352,0
DA:353,0
DA:354,0
DA:355,0
DA:356,0
DA:360,0
DA:361,0
DA:365,0
DA:370,0
DA:381,0
DA:392,0
DA:400,0
DA:402,0
DA:404,0
DA:405,0
DA:406,0
DA:407,0
DA:408,0
DA:409,0
DA:412,0
DA:414,0
DA:423,0
DA:427,0
DA:429,0
DA:431,0
DA:432,0
DA:433,0
DA:434,0
DA:435,0
DA:437,0
DA:439,0
DA:448,0
DA:454,0
DA:457,0
DA:460,0
DA:465,0
DA:466,0
DA:468,0
DA:469,0
DA:470,0
DA:471,0
DA:473,0
DA:474,0
DA:475,0
DA:480,0
DA:482,0
DA:484,0
DA:496,1
DA:516,1
DA:520,0
DA:534,0
DA:535,0
DA:538,0
DA:542,0
DA:547,0
DA:548,0
DA:551,0
DA:555,0
DA:567,0
DA:571,0
DA:573,0
DA:574,0
DA:575,0
DA:576,0
DA:580,0
DA:601,0
DA:607,0
DA:624,0
DA:639,0
DA:647,0
DA:648,0
DA:653,0
DA:661,0
DA:669,0
DA:682,0
DA:683,0
DA:684,0
DA:687,0
DA:692,0
DA:697,0
DA:701,0
DA:702,0
DA:704,0
DA:707,0
DA:712,1
DA:716,0
DA:717,0
DA:718,0
DA:719,0
DA:721,0
DA:725,1
LF:175
LH:14
BRDA:53,0,0,1
BRDA:53,0,1,0
BRDA:121,1,0,0
BRDA:125,2,0,0
BRDA:125,2,1,0
BRDA:170,3,0,0
BRDA:170,3,1,0
BRDA:223,4,0,0
BRDA:223,4,1,0
BRDA:223,5,0,0
BRDA:223,5,1,0
BRDA:253,6,0,0
BRDA:253,6,1,0
BRDA:253,7,0,0
BRDA:253,7,1,0
BRDA:259,8,0,0
BRDA:259,8,1,0
BRDA:285,9,0,0
BRDA:285,9,1,0
BRDA:289,10,0,0
BRDA:289,10,1,0
BRDA:321,11,0,0
BRDA:321,11,1,0
BRDA:325,12,0,0
BRDA:325,12,1,0
BRDA:344,13,0,0
BRDA:344,13,1,0
BRDA:351,14,0,0
BRDA:351,14,1,0
BRDA:353,15,0,0
BRDA:353,15,1,0
BRDA:354,16,0,0
BRDA:354,16,1,0
BRDA:360,17,0,0
BRDA:360,17,1,0
BRDA:402,18,0,0
BRDA:402,18,1,0
BRDA:404,19,0,0
BRDA:404,19,1,0
BRDA:406,20,0,0
BRDA:406,20,1,0
BRDA:429,21,0,0
BRDA:429,21,1,0
BRDA:431,22,0,0
BRDA:431,22,1,0
BRDA:433,23,0,0
BRDA:433,23,1,0
BRDA:468,24,0,0
BRDA:468,24,1,0
BRDA:470,25,0,0
BRDA:470,25,1,0
BRDA:471,26,0,0
BRDA:471,26,1,0
BRDA:473,27,0,0
BRDA:473,27,1,0
BRDA:480,28,0,0
BRDA:480,28,1,0
BRDA:534,29,0,0
BRDA:534,29,1,0
BRDA:547,30,0,0
BRDA:547,30,1,0
BRDA:573,31,0,0
BRDA:573,31,1,0
BRDA:574,32,0,0
BRDA:574,32,1,0
BRDA:575,33,0,0
BRDA:575,33,1,0
BRDA:602,34,0,0
BRDA:602,34,1,0
BRDA:647,35,0,0
BRDA:647,35,1,0
BRDA:662,36,0,0
BRDA:662,36,1,0
BRDA:664,37,0,0
BRDA:664,37,1,0
BRDA:715,38,0,0
BRF:76
BRH:1
end_of_record
TN:
SF:src/services/DeadStockDetectionService.js
FN:12,(anonymous_0)
FN:54,(anonymous_1)
FN:130,(anonymous_2)
FN:156,(anonymous_3)
FN:221,(anonymous_4)
FN:236,(anonymous_5)
FN:255,(anonymous_6)
FN:257,(anonymous_7)
FN:276,(anonymous_8)
FN:316,(anonymous_9)
FN:330,(anonymous_10)
FN:333,(anonymous_11)
FN:336,(anonymous_12)
FN:362,(anonymous_13)
FN:418,(anonymous_14)
FN:452,(anonymous_15)
FN:485,(anonymous_16)
FN:511,(anonymous_17)
FN:546,(anonymous_18)
FN:551,(anonymous_19)
FN:555,(anonymous_20)
FN:565,(anonymous_21)
FN:581,(anonymous_22)
FN:614,(anonymous_23)
FN:616,(anonymous_24)
FN:630,(anonymous_25)
FN:662,(anonymous_26)
FN:665,(anonymous_27)
FN:666,(anonymous_28)
FN:668,(anonymous_29)
FN:676,(anonymous_30)
FN:709,(anonymous_31)
FN:736,(anonymous_32)
FN:755,(anonymous_33)
FN:781,(anonymous_34)
FN:801,(anonymous_35)
FNF:36
FNH:10
FNDA:0,(anonymous_0)
FNDA:1,(anonymous_1)
FNDA:0,(anonymous_2)
FNDA:0,(anonymous_3)
FNDA:0,(anonymous_4)
FNDA:0,(anonymous_5)
FNDA:0,(anonymous_6)
FNDA:0,(anonymous_7)
FNDA:0,(anonymous_8)
FNDA:0,(anonymous_9)
FNDA:0,(anonymous_10)
FNDA:0,(anonymous_11)
FNDA:0,(anonymous_12)
FNDA:0,(anonymous_13)
FNDA:0,(anonymous_14)
FNDA:0,(anonymous_15)
FNDA:0,(anonymous_16)
FNDA:0,(anonymous_17)
FNDA:1,(anonymous_18)
FNDA:1,(anonymous_19)
FNDA:1,(anonymous_20)
FNDA:1,(anonymous_21)
FNDA:1,(anonymous_22)
FNDA:1,(anonymous_23)
FNDA:0,(anonymous_24)
FNDA:0,(anonymous_25)
FNDA:0,(anonymous_26)
FNDA:0,(anonymous_27)
FNDA:0,(anonymous_28)
FNDA:0,(anonymous_29)
FNDA:1,(anonymous_30)
FNDA:0,(anonymous_31)
FNDA:0,(anonymous_32)
FNDA:1,(anonymous_33)
FNDA:1,(anonymous_34)
FNDA:0,(anonymous_35)
DA:1,1
DA:2,1
DA:3,1
DA:4,1
DA:5,1
DA:6,1
DA:13,0
DA:14,0
DA:16,0
DA:17,0
DA:19,0
DA:20,0
DA:21,0
DA:25,0
DA:30,0
DA:34,0
DA:41,0
DA:44,0
DA:46,0
DA:47,0
DA:55,1
DA:56,1
DA:66,1
DA:69,1
DA:71,1
DA:73,1
DA:74,1
DA:75,1
DA:79,1
DA:80,1
DA:83,0
DA:91,1
DA:92,1
DA:93,1
DA:94,1
DA:95,1
DA:97,0
DA:105,1
DA:110,1
DA:119,0
DA:123,0
DA:131,0
DA:133,0
DA:139,0
DA:141,0
DA:155,0
DA:156,0
DA:158,0
DA:163,0
DA:166,0
DA:167,0
DA:168,0
DA:175,0
DA:176,0
DA:177,0
DA:181,0
DA:190,0
DA:191,0
DA:208,0
DA:211,0
DA:213,0
DA:214,0
DA:222,0
DA:223,0
DA:233,0
DA:234,0
DA:236,0
DA:237,0
DA:238,0
DA:239,0
DA:242,0
DA:243,0
DA:246,0
DA:247,0
DA:249,0
DA:252,0
DA:253,0
DA:255,0
DA:257,0
DA:259,0
DA:260,0
DA:261,0
DA:263,0
DA:277,0
DA:279,0
DA:280,0
DA:283,0
DA:291,0
DA:297,0
DA:299,0
DA:304,0
DA:306,0
DA:308,0
DA:309,0
DA:317,0
DA:319,0
DA:325,0
DA:326,0
DA:330,0
DA:333,0
DA:336,0
DA:339,0
DA:351,0
DA:355,0
DA:370,0
DA:372,0
DA:373,0
DA:374,0
DA:375,0
DA:376,0
DA:377,0
DA:381,0
DA:385,0
DA:386,0
DA:387,0
DA:388,0
DA:393,0
DA:397,0
DA:401,0
DA:402,0
DA:406,0
DA:407,0
DA:412,0
DA:423,0
DA:426,0
DA:428,0
DA:429,0
DA:431,0
DA:432,0
DA:434,0
DA:435,0
DA:439,0
DA:440,0
DA:443,0
DA:444,0
DA:446,0
DA:453,0
DA:459,0
DA:463,0
DA:469,0
DA:486,0
DA:488,0
DA:490,0
DA:491,0
DA:493,0
DA:494,0
DA:496,0
DA:497,0
DA:501,0
DA:502,0
DA:503,0
DA:505,0
DA:516,0
DA:518,0
DA:520,0
DA:521,0
DA:525,0
DA:529,0
DA:530,0
DA:532,0
DA:536,0
DA:539,0
DA:547,1
DA:551,1
DA:555,1
DA:565,1
DA:566,1
DA:567,1
DA:574,1
DA:575,1
DA:576,1
DA:577,1
DA:581,1
DA:582,1
DA:583,1
DA:588,1
DA:589,0
DA:601,1
DA:602,0
DA:613,1
DA:614,1
DA:616,1
DA:624,1
DA:633,0
DA:650,0
DA:651,0
DA:652,0
DA:654,0
DA:655,0
DA:663,0
DA:665,0
DA:666,0
DA:668,0
DA:670,0
DA:677,1
DA:678,1
DA:691,1
DA:692,1
DA:694,1
DA:702,0
DA:710,0
DA:711,0
DA:736,0
DA:748,0
DA:756,1
DA:757,1
DA:781,1
DA:794,0
DA:802,0
DA:803,0
DA:820,0
DA:821,0
DA:822,0
DA:823,0
DA:825,0
DA:837,0
DA:842,1
LF:217
LH:51
BRDA:12,0,0,0
BRDA:54,1,0,1
BRDA:79,2,0,1
BRDA:79,2,1,0
BRDA:139,3,0,0
BRDA:139,3,1,0
BRDA:167,4,0,0
BRDA:167,4,1,0
BRDA:176,5,0,0
BRDA:176,5,1,0
BRDA:190,6,0,0
BRDA:190,6,1,0
BRDA:222,7,0,0
BRDA:222,7,1,0
BRDA:238,8,0,0
BRDA:238,8,1,0
BRDA:260,9,0,0
BRDA:260,9,1,0
BRDA:261,10,0,0
BRDA:261,10,1,0
BRDA:266,11,0,0
BRDA:266,11,1,0
BRDA:297,12,0,0
BRDA:297,12,1,0
BRDA:299,13,0,0
BRDA:299,13,1,0
BRDA:325,14,0,0
BRDA:325,14,1,0
BRDA:344,15,0,0
BRDA:344,15,1,0
BRDA:348,16,0,0
BRDA:348,16,1,0
BRDA:348,17,0,0
BRDA:348,17,1,0
BRDA:372,18,0,0
BRDA:372,18,1,0
BRDA:374,19,0,0
BRDA:374,19,1,0
BRDA:376,20,0,0
BRDA:376,20,1,0
BRDA:381,21,0,0
BRDA:381,21,1,0
BRDA:382,22,0,0
BRDA:382,22,1,0
BRDA:385,23,0,0
BRDA:385,23,1,0
BRDA:387,24,0,0
BRDA:387,24,1,0
BRDA:393,25,0,0
BRDA:393,25,1,0
BRDA:394,26,0,0
BRDA:394,26,1,0
BRDA:401,27,0,0
BRDA:401,27,1,0
BRDA:402,28,0,0
BRDA:402,28,1,0
BRDA:403,29,0,0
BRDA:403,29,1,0
BRDA:406,30,0,0
BRDA:406,30,1,0
BRDA:426,31,0,0
BRDA:426,31,1,0
BRDA:426,31,2,0
BRDA:439,32,0,0
BRDA:439,32,1,0
BRDA:440,33,0,0
BRDA:440,33,1,0
BRDA:443,34,0,0
BRDA:443,34,1,0
BRDA:444,35,0,0
BRDA:444,35,1,0
BRDA:488,36,0,0
BRDA:488,36,1,0
BRDA:488,36,2,0
BRDA:501,37,0,0
BRDA:501,37,1,0
BRDA:502,38,0,0
BRDA:502,38,1,0
BRDA:503,39,0,0
BRDA:503,39,1,0
BRDA:518,40,0,0
BRDA:518,40,1,0
BRDA:518,40,2,0
BRDA:518,40,3,0
BRDA:520,41,0,0
BRDA:520,41,1,0
BRDA:529,42,0,0
BRDA:529,42,1,0
BRDA:566,43,0,1
BRDA:566,43,1,0
BRDA:588,44,0,0
BRDA:588,44,1,1
BRDA:601,45,0,0
BRDA:601,45,1,1
BRDA:663,46,0,0
BRDA:663,46,1,0
BRDA:676,47,0,0
BRDA:696,48,0,1
BRDA:696,48,1,0
BRDA:697,49,0,1
BRDA:697,49,1,0
BRDA:698,50,0,1
BRDA:698,50,1,0
BRDA:709,51,0,0
BRDA:740,52,0,0
BRDA:740,52,1,0
BRDA:743,53,0,0
BRDA:743,53,1,0
BRDA:755,54,0,0
BRDA:821,55,0,0
BRDA:821,55,1,0
BRDA:822,56,0,0
BRDA:822,56,1,0
BRDA:823,57,0,0
BRDA:823,57,1,0
BRDA:826,58,0,0
BRDA:826,58,1,0
BRDA:831,59,0,0
BRDA:831,59,1,0
BRDA:832,60,0,0
BRDA:832,60,1,0
BRF:121
BRH:8
end_of_record
TN:
SF:src/services/MultiChannelService.js
FN:15,(anonymous_0)
FN:29,(anonymous_1)
FN:40,(anonymous_2)
FN:73,(anonymous_3)
FN:136,(anonymous_4)
FN:174,(anonymous_5)
FN:232,(anonymous_6)
FN:233,(anonymous_7)
FN:251,(anonymous_8)
FN:278,(anonymous_9)
FN:316,(anonymous_10)
FN:377,(anonymous_11)
FN:415,(anonymous_12)
FN:444,(anonymous_13)
FN:491,(anonymous_14)
FN:517,(anonymous_15)
FN:541,(anonymous_16)
FN:555,(anonymous_17)
FN:561,(anonymous_18)
FN:568,(anonymous_19)
FN:592,(anonymous_20)
FN:593,(anonymous_21)
FN:604,(anonymous_22)
FN:630,(anonymous_23)
FN:641,(anonymous_24)
FN:646,(anonymous_25)
FN:655,(anonymous_26)
FNF:27
FNH:1
FNDA:2,(anonymous_0)
FNDA:0,(anonymous_1)
FNDA:0,(anonymous_2)
FNDA:0,(anonymous_3)
FNDA:0,(anonymous_4)
FNDA:0,(anonymous_5)
FNDA:0,(anonymous_6)
FNDA:0,(anonymous_7)
FNDA:0,(anonymous_8)
FNDA:0,(anonymous_9)
FNDA:0,(anonymous_10)
FNDA:0,(anonymous_11)
FNDA:0,(anonymous_12)
FNDA:0,(anonymous_13)
FNDA:0,(anonymous_14)
FNDA:0,(anonymous_15)
FNDA:0,(anonymous_16)
FNDA:0,(anonymous_17)
FNDA:0,(anonymous_18)
FNDA:0,(anonymous_19)
FNDA:0,(anonymous_20)
FNDA:0,(anonymous_21)
FNDA:0,(anonymous_22)
FNDA:0,(anonymous_23)
FNDA:0,(anonymous_24)
FNDA:0,(anonymous_25)
FNDA:0,(anonymous_26)
DA:1,1
DA:2,1
DA:3,1
DA:4,1
DA:5,1
DA:6,1
DA:7,1
DA:8,1
DA:16,2
DA:17,2
DA:18,2
DA:19,2
DA:20,2
DA:21,0
DA:23,2
DA:30,0
DA:31,0
DA:32,0
DA:41,0
DA:42,0
DA:60,0
DA:62,0
DA:74,0
DA:76,0
DA:81,0
DA:82,0
DA:85,0
DA:88,0
DA:94,0
DA:95,0
DA:96,0
DA:100,0
DA:102,0
DA:117,0
DA:119,0
DA:126,0
DA:137,0
DA:139,0
DA:145,0
DA:151,0
DA:157,0
DA:159,0
DA:164,0
DA:175,0
DA:176,0
DA:177,0
DA:180,0
DA:181,0
DA:188,0
DA:189,0
DA:190,0
DA:191,0
DA:197,0
DA:200,0
DA:205,0
DA:211,0
DA:221,0
DA:224,0
DA:225,0
DA:226,0
DA:229,0
DA:232,0
DA:233,0
DA:238,0
DA:252,0
DA:254,0
DA:260,0
DA:268,0
DA:275,0
DA:278,0
DA:288,0
DA:291,0
DA:294,0
DA:296,0
DA:301,0
DA:305,0
DA:317,0
DA:319,0
DA:322,0
DA:327,0
DA:328,0
DA:331,0
DA:334,0
DA:340,0
DA:341,0
DA:347,0
DA:348,0
DA:349,0
DA:353,0
DA:356,0
DA:359,0
DA:360,0
DA:363,0
DA:368,0
DA:378,0
DA:379,0
DA:404,0
DA:406,0
DA:416,0
DA:417,0
DA:431,0
DA:433,0
DA:445,0
DA:447,0
DA:452,0
DA:453,0
DA:456,0
DA:459,0
DA:465,0
DA:478,0
DA:485,0
DA:492,0
DA:504,0
DA:505,0
DA:508,0
DA:509,0
DA:511,0
DA:518,0
DA:538,0
DA:543,0
DA:558,0
DA:563,0
DA:564,0
DA:569,0
DA:593,0
DA:594,0
DA:605,0
DA:610,0
DA:612,0
DA:627,0
DA:631,0
DA:647,0
DA:648,0
DA:649,0
DA:650,0
DA:651,0
DA:652,0
DA:656,0
DA:657,0
DA:658,0
DA:659,0
DA:660,0
DA:661,0
DA:662,0
DA:663,0
DA:667,1
LF:146
LH:15
BRDA:20,0,0,0
BRDA:20,0,1,2
BRDA:81,1,0,0
BRDA:81,1,1,0
BRDA:95,2,0,0
BRDA:95,2,1,0
BRDA:174,3,0,0
BRDA:190,4,0,0
BRDA:190,4,1,0
BRDA:225,5,0,0
BRDA:225,5,1,0
BRDA:251,6,0,0
BRDA:327,7,0,0
BRDA:327,7,1,0
BRDA:340,8,0,0
BRDA:340,8,1,0
BRDA:347,9,0,0
BRDA:347,9,1,0
BRDA:359,10,0,0
BRDA:359,10,1,0
BRDA:452,11,0,0
BRDA:452,11,1,0
BRDA:504,12,0,0
BRDA:504,12,1,0
BRDA:581,13,0,0
BRDA:581,13,1,0
BRDA:582,14,0,0
BRDA:582,14,1,0
BRDA:583,15,0,0
BRDA:583,15,1,0
BRDA:584,16,0,0
BRDA:584,16,1,0
BRDA:585,17,0,0
BRDA:585,17,1,0
BRDA:586,18,0,0
BRDA:586,18,1,0
BRDA:620,19,0,0
BRDA:620,19,1,0
BRF:38
BRH:1
end_of_record
TN:
SF:src/services/PurchaseOrderService.js
FN:14,(anonymous_0)
FN:23,(anonymous_1)
FN:52,(anonymous_2)
FN:163,(anonymous_3)
FN:243,(anonymous_4)
FN:322,(anonymous_5)
FN:407,(anonymous_6)
FN:529,(anonymous_7)
FN:597,(anonymous_8)
FN:618,(anonymous_9)
FN:632,(anonymous_10)
FN:634,(anonymous_11)
FN:681,(anonymous_12)
FN:772,(anonymous_13)
FNF:14
FNH:2
FNDA:2,(anonymous_0)
FNDA:1,(anonymous_1)
FNDA:0,(anonymous_2)
FNDA:0,(anonymous_3)
FNDA:0,(anonymous_4)
FNDA:0,(anonymous_5)
FNDA:0,(anonymous_6)
FNDA:0,(anonymous_7)
FNDA:0,(anonymous_8)
FNDA:0,(anonymous_9)
FNDA:0,(anonymous_10)
FNDA:0,(anonymous_11)
FNDA:0,(anonymous_12)
FNDA:0,(anonymous_13)
DA:1,1
DA:2,1
DA:15,2
DA:24,1
DA:25,1
DA:34,1
DA:35,1
DA:36,1
DA:37,1
DA:39,1
DA:41,0
DA:53,0
DA:55,0
DA:56,0
DA:67,0
DA:70,0
DA:73,0
DA:74,0
DA:75,0
DA:80,0
DA:81,0
DA:84,0
DA:88,0
DA:111,0
DA:114,0
DA:115,0
DA:116,0
DA:121,0
DA:140,0
DA:143,0
DA:145,0
DA:150,0
DA:151,0
DA:153,0
DA:164,0
DA:165,0
DA:181,0
DA:182,0
DA:184,0
DA:185,0
DA:186,0
DA:187,0
DA:189,0
DA:190,0
DA:194,0
DA:195,0
DA:196,0
DA:199,0
DA:200,0
DA:201,0
DA:204,0
DA:205,0
DA:206,0
DA:209,0
DA:210,0
DA:211,0
DA:212,0
DA:215,0
DA:220,0
DA:221,0
DA:222,0
DA:225,0
DA:226,0
DA:227,0
DA:230,0
DA:231,0
DA:233,0
DA:244,0
DA:246,0
DA:262,0
DA:263,0
DA:266,0
DA:269,0
DA:287,0
DA:303,0
DA:309,0
DA:329,0
DA:330,0
DA:339,0
DA:340,0
DA:343,0
DA:344,0
DA:345,0
DA:348,0
DA:350,0
DA:351,0
DA:352,0
DA:354,0
DA:358,0
DA:359,0
DA:361,0
DA:362,0
DA:363,0
DA:364,0
DA:365,0
DA:367,0
DA:369,0
DA:370,0
DA:371,0
DA:372,0
DA:373,0
DA:375,0
DA:378,0
DA:385,0
DA:387,0
DA:388,0
DA:391,0
DA:393,0
DA:408,0
DA:410,0
DA:411,0
DA:414,0
DA:422,0
DA:423,0
DA:426,0
DA:434,0
DA:436,0
DA:439,0
DA:453,0
DA:454,0
DA:457,0
DA:460,0
DA:461,0
DA:467,0
DA:478,0
DA:485,0
DA:487,0
DA:488,0
DA:493,0
DA:494,0
DA:503,0
DA:513,0
DA:514,0
DA:516,0
DA:517,0
DA:519,0
DA:530,0
DA:536,0
DA:539,0
DA:571,0
DA:572,0
DA:574,0
DA:575,0
DA:576,0
DA:579,0
DA:580,0
DA:581,0
DA:584,0
DA:586,0
DA:587,0
DA:589,0
DA:590,0
DA:597,0
DA:598,0
DA:599,0
DA:600,0
DA:608,0
DA:609,0
DA:612,0
DA:615,0
DA:616,0
DA:618,0
DA:628,0
DA:629,0
DA:633,0
DA:634,0
DA:636,0
DA:641,0
DA:642,0
DA:651,0
DA:653,0
DA:661,0
DA:669,0
DA:682,0
DA:683,0
DA:684,0
DA:685,0
DA:686,0
DA:688,0
DA:689,0
DA:690,0
DA:691,0
DA:693,0
DA:694,0
DA:695,0
DA:700,0
DA:719,0
DA:738,0
DA:752,0
DA:758,0
DA:773,0
DA:774,0
DA:788,0
DA:789,0
DA:792,0
DA:794,0
DA:799,1
LF:197
LH:11
BRDA:60,0,0,0
BRDA:70,1,0,0
BRDA:70,1,1,0
BRDA:80,2,0,0
BRDA:80,2,1,0
BRDA:135,3,0,0
BRDA:135,3,1,0
BRDA:163,4,0,0
BRDA:184,5,0,0
BRDA:184,5,1,0
BRDA:185,6,0,0
BRDA:185,6,1,0
BRDA:194,7,0,0
BRDA:194,7,1,0
BRDA:199,8,0,0
BRDA:199,8,1,0
BRDA:204,9,0,0
BRDA:204,9,1,0
BRDA:209,10,0,0
BRDA:209,10,1,0
BRDA:220,11,0,0
BRDA:220,11,1,0
BRDA:225,12,0,0
BRDA:225,12,1,0
BRDA:262,13,0,0
BRDA:262,13,1,0
BRDA:327,14,0,0
BRDA:339,15,0,0
BRDA:339,15,1,0
BRDA:348,16,0,0
BRDA:348,16,1,0
BRDA:348,16,2,0
BRDA:348,16,3,0
BRDA:362,17,0,0
BRDA:362,17,1,0
BRDA:363,18,0,0
BRDA:363,18,1,0
BRDA:371,19,0,0
BRDA:371,19,1,0
BRDA:387,20,0,0
BRDA:387,20,1,0
BRDA:422,21,0,0
BRDA:422,21,1,0
BRDA:453,22,0,0
BRDA:453,22,1,0
BRDA:460,23,0,0
BRDA:460,23,1,0
BRDA:487,24,0,0
BRDA:487,24,1,0
BRDA:493,25,0,0
BRDA:493,25,1,0
BRDA:529,26,0,0
BRDA:532,27,0,0
BRDA:533,28,0,0
BRDA:534,29,0,0
BRDA:535,30,0,0
BRDA:574,31,0,0
BRDA:574,31,1,0
BRDA:579,32,0,0
BRDA:579,32,1,0
BRDA:579,33,0,0
BRDA:579,33,1,0
BRDA:589,34,0,0
BRDA:589,34,1,0
BRDA:599,35,0,0
BRDA:599,35,1,0
BRDA:616,36,0,0
BRDA:616,36,1,0
BRDA:628,37,0,0
BRDA:628,37,1,0
BRDA:662,38,0,0
BRDA:662,38,1,0
BRDA:681,39,0,0
BRDA:688,40,0,0
BRDA:688,40,1,0
BRDA:688,41,0,0
BRDA:688,41,1,0
BRDA:689,42,0,0
BRDA:689,42,1,0
BRDA:693,43,0,0
BRDA:693,43,1,0
BRDA:788,44,0,0
BRDA:788,44,1,0
BRF:83
BRH:0
end_of_record
TN:
SF:src/services/ReorderPointEngine.js
FN:11,(anonymous_0)
FN:20,(anonymous_1)
FN:105,(anonymous_2)
FN:145,(anonymous_3)
FN:223,(anonymous_4)
FN:303,(anonymous_5)
FN:341,(anonymous_6)
FN:411,(anonymous_7)
FN:460,(anonymous_8)
FN:519,(anonymous_9)
FN:605,(anonymous_10)
FN:608,(anonymous_11)
FN:626,(anonymous_12)
FN:640,(anonymous_13)
FN:657,(anonymous_14)
FN:670,(anonymous_15)
FN:699,(anonymous_16)
FN:710,(anonymous_17)
FN:763,(anonymous_18)
FN:767,(anonymous_19)
FN:772,(anonymous_20)
FN:773,(anonymous_21)
FN:774,(anonymous_22)
FN:781,(anonymous_23)
FN:789,(anonymous_24)
FNF:25
FNH:21
FNDA:4,(anonymous_0)
FNDA:1,(anonymous_1)
FNDA:1,(anonymous_2)
FNDA:1,(anonymous_3)
FNDA:1,(anonymous_4)
FNDA:1,(anonymous_5)
FNDA:2,(anonymous_6)
FNDA:1,(anonymous_7)
FNDA:0,(anonymous_8)
FNDA:0,(anonymous_9)
FNDA:0,(anonymous_10)
FNDA:0,(anonymous_11)
FNDA:1,(anonymous_12)
FNDA:6,(anonymous_13)
FNDA:1,(anonymous_14)
FNDA:1,(anonymous_15)
FNDA:2,(anonymous_16)
FNDA:1,(anonymous_17)
FNDA:1,(anonymous_18)
FNDA:1,(anonymous_19)
FNDA:2,(anonymous_20)
FNDA:2,(anonymous_21)
FNDA:2,(anonymous_22)
FNDA:2,(anonymous_23)
FNDA:2,(anonymous_24)
DA:1,1
DA:21,1
DA:28,1
DA:31,1
DA:35,1
DA:36,0
DA:40,1
DA:46,1
DA:53,1
DA:60,1
DA:61,1
DA:66,1
DA:67,1
DA:68,1
DA:71,1
DA:74,1
DA:76,1
DA:95,0
DA:106,1
DA:107,1
DA:121,1
DA:123,1
DA:124,0
DA:125,0
DA:127,1
DA:130,1
DA:132,1
DA:133,1
DA:135,0
DA:146,1
DA:147,1
DA:191,1
DA:193,1
DA:210,0
DA:224,1
DA:225,1
DA:250,1
DA:253,1
DA:254,0
DA:263,0
DA:265,0
DA:278,1
DA:290,0
DA:304,1
DA:306,1
DA:308,1
DA:309,1
DA:310,1
DA:311,1
DA:315,1
DA:316,1
DA:319,1
DA:326,1
DA:328,1
DA:330,0
DA:342,2
DA:344,2
DA:357,2
DA:358,0
DA:361,2
DA:364,2
DA:365,2
DA:366,2
DA:370,2
DA:375,2
DA:381,2
DA:388,2
DA:402,0
DA:412,1
DA:413,1
DA:415,1
DA:439,1
DA:440,0
DA:443,1
DA:446,1
DA:448,0
DA:449,0
DA:461,0
DA:471,0
DA:473,0
DA:507,0
DA:509,0
DA:520,0
DA:526,0
DA:529,0
DA:544,0
DA:545,0
DA:547,0
DA:548,0
DA:549,0
DA:552,0
DA:553,0
DA:554,0
DA:557,0
DA:559,0
DA:560,0
DA:562,0
DA:564,0
DA:565,0
DA:566,0
DA:574,0
DA:575,0
DA:588,0
DA:594,0
DA:602,0
DA:605,0
DA:608,0
DA:615,0
DA:627,1
DA:638,1
DA:640,6
DA:641,1
DA:643,1
DA:644,7
DA:645,3
DA:649,1
DA:658,1
DA:659,0
DA:660,0
DA:661,0
DA:671,1
DA:674,1
DA:675,1
DA:679,1
DA:682,1
DA:685,1
DA:686,1
DA:688,1
DA:700,2
DA:701,2
DA:702,2
DA:711,1
DA:712,1
DA:749,1
DA:751,1
DA:752,0
DA:763,1
DA:764,1
DA:767,1
DA:768,1
DA:772,2
DA:773,2
DA:774,2
DA:775,1
DA:778,1
DA:781,2
DA:782,1
DA:784,1
DA:789,2
DA:798,0
DA:804,1
DA:806,1
DA:807,1
LF:153
LH:101
BRDA:20,0,0,1
BRDA:24,1,0,1
BRDA:25,2,0,1
BRDA:26,3,0,1
BRDA:27,4,0,1
BRDA:35,5,0,0
BRDA:35,5,1,1
BRDA:67,6,0,1
BRDA:67,6,1,0
BRDA:105,7,0,1
BRDA:123,8,0,0
BRDA:123,8,1,1
BRDA:133,9,0,1
BRDA:133,9,1,0
BRDA:195,10,0,1
BRDA:195,10,1,1
BRDA:196,11,0,1
BRDA:196,11,1,1
BRDA:197,12,0,1
BRDA:197,12,1,0
BRDA:198,13,0,1
BRDA:198,13,1,1
BRDA:199,14,0,1
BRDA:199,14,1,1
BRDA:200,15,0,1
BRDA:200,15,1,1
BRDA:201,16,0,1
BRDA:201,16,1,1
BRDA:202,17,0,1
BRDA:202,17,1,1
BRDA:204,18,0,1
BRDA:204,18,1,1
BRDA:206,19,0,1
BRDA:206,19,1,1
BRDA:253,20,0,0
BRDA:253,20,1,1
BRDA:263,21,0,0
BRDA:263,21,1,0
BRDA:281,22,0,1
BRDA:281,22,1,1
BRDA:309,23,0,1
BRDA:309,23,1,1
BRDA:311,24,0,1
BRDA:311,24,1,1
BRDA:357,25,0,0
BRDA:357,25,1,2
BRDA:377,26,0,2
BRDA:377,26,1,0
BRDA:439,27,0,0
BRDA:439,27,1,1
BRDA:466,28,0,0
BRDA:467,29,0,0
BRDA:468,30,0,0
BRDA:469,31,0,0
BRDA:470,32,0,0
BRDA:519,33,0,0
BRDA:522,34,0,0
BRDA:523,35,0,0
BRDA:524,36,0,0
BRDA:525,37,0,0
BRDA:547,38,0,0
BRDA:547,38,1,0
BRDA:547,39,0,0
BRDA:547,39,1,0
BRDA:552,40,0,0
BRDA:552,40,1,0
BRDA:574,41,0,0
BRDA:574,41,1,0
BRDA:574,42,0,0
BRDA:574,42,1,0
BRDA:644,43,0,3
BRDA:644,43,1,4
BRDA:658,44,0,1
BRDA:658,44,1,0
BRDA:659,45,0,0
BRDA:659,45,1,0
BRDA:660,46,0,0
BRDA:660,46,1,0
BRDA:679,47,0,1
BRDA:679,47,1,0
BRDA:751,48,0,0
BRDA:751,48,1,1
BRDA:764,49,0,1
BRDA:764,49,1,0
BRDA:768,50,0,0
BRDA:768,50,1,1
BRF:86
BRH:46
end_of_record
TN:
SF:src/services/SupplierManagementService.js
FN:19,(anonymous_0)
FN:82,(anonymous_1)
FN:143,(anonymous_2)
FN:181,(anonymous_3)
FN:246,(anonymous_4)
FN:297,(anonymous_5)
FN:358,(anonymous_6)
FN:421,(anonymous_7)
FN:505,(anonymous_8)
FN:552,(anonymous_9)
FN:597,(anonymous_10)
FN:648,(anonymous_11)
FN:696,(anonymous_12)
FN:727,(anonymous_13)
FNF:14
FNH:0
FNDA:0,(anonymous_0)
FNDA:0,(anonymous_1)
FNDA:0,(anonymous_2)
FNDA:0,(anonymous_3)
FNDA:0,(anonymous_4)
FNDA:0,(anonymous_5)
FNDA:0,(anonymous_6)
FNDA:0,(anonymous_7)
FNDA:0,(anonymous_8)
FNDA:0,(anonymous_9)
FNDA:0,(anonymous_10)
FNDA:0,(anonymous_11)
FNDA:0,(anonymous_12)
FNDA:0,(anonymous_13)
DA:1,1
DA:20,0
DA:38,0
DA:40,0
DA:70,0
DA:72,0
DA:83,0
DA:84,0
DA:96,0
DA:97,0
DA:99,0
DA:100,0
DA:101,0
DA:104,0
DA:105,0
DA:106,0
DA:109,0
DA:110,0
DA:111,0
DA:112,0
DA:115,0
DA:120,0
DA:121,0
DA:122,0
DA:125,0
DA:126,0
DA:127,0
DA:130,0
DA:131,0
DA:133,0
DA:144,0
DA:145,0
DA:164,0
DA:165,0
DA:168,0
DA:170,0
DA:182,0
DA:183,0
DA:203,0
DA:204,0
DA:205,0
DA:207,0
DA:208,0
DA:209,0
DA:210,0
DA:214,0
DA:215,0
DA:218,0
DA:220,0
DA:227,0
DA:229,0
DA:230,0
DA:233,0
DA:235,0
DA:247,0
DA:248,0
DA:250,0
DA:259,0
DA:260,0
DA:265,0
DA:273,0
DA:276,0
DA:285,0
DA:288,0
DA:298,0
DA:309,0
DA:312,0
DA:313,0
DA:323,0
DA:345,0
DA:347,0
DA:359,0
DA:360,0
DA:376,0
DA:377,0
DA:379,0
DA:380,0
DA:381,0
DA:384,0
DA:385,0
DA:386,0
DA:389,0
DA:390,0
DA:391,0
DA:394,0
DA:395,0
DA:396,0
DA:399,0
DA:400,0
DA:401,0
DA:404,0
DA:406,0
DA:407,0
DA:409,0
DA:422,0
DA:423,0
DA:434,0
DA:435,0
DA:436,0
DA:439,0
DA:441,0
DA:448,0
DA:449,0
DA:451,0
DA:462,0
DA:463,0
DA:464,0
DA:465,0
DA:466,0
DA:468,0
DA:473,0
DA:474,0
DA:477,0
DA:479,0
DA:486,0
DA:488,0
DA:489,0
DA:492,0
DA:494,0
DA:506,0
DA:515,0
DA:517,0
DA:537,0
DA:539,0
DA:541,0
DA:553,0
DA:554,0
DA:584,0
DA:598,0
DA:599,0
DA:601,0
DA:613,0
DA:614,0
DA:616,0
DA:617,0
DA:618,0
DA:621,0
DA:622,0
DA:623,0
DA:626,0
DA:627,0
DA:628,0
DA:631,0
DA:633,0
DA:634,0
DA:636,0
DA:649,0
DA:650,0
DA:684,0
DA:686,0
DA:697,0
DA:698,0
DA:707,0
DA:708,0
DA:712,0
DA:714,0
DA:715,0
DA:721,0
DA:722,0
DA:725,0
DA:726,0
DA:727,0
DA:730,0
DA:731,0
DA:732,0
DA:733,0
DA:734,0
DA:739,0
DA:749,0
DA:754,1
LF:170
LH:2
BRDA:33,0,0,0
BRDA:37,1,0,0
BRDA:82,2,0,0
BRDA:99,3,0,0
BRDA:99,3,1,0
BRDA:104,4,0,0
BRDA:104,4,1,0
BRDA:109,5,0,0
BRDA:109,5,1,0
BRDA:120,6,0,0
BRDA:120,6,1,0
BRDA:125,7,0,0
BRDA:125,7,1,0
BRDA:164,8,0,0
BRDA:164,8,1,0
BRDA:208,9,0,0
BRDA:208,9,1,0
BRDA:214,10,0,0
BRDA:214,10,1,0
BRDA:229,11,0,0
BRDA:229,11,1,0
BRDA:246,12,0,0
BRDA:248,13,0,0
BRDA:248,13,1,0
BRDA:259,14,0,0
BRDA:259,14,1,0
BRDA:307,15,0,0
BRDA:308,16,0,0
BRDA:312,17,0,0
BRDA:312,17,1,0
BRDA:358,18,0,0
BRDA:379,19,0,0
BRDA:379,19,1,0
BRDA:384,20,0,0
BRDA:384,20,1,0
BRDA:389,21,0,0
BRDA:389,21,1,0
BRDA:394,22,0,0
BRDA:394,22,1,0
BRDA:399,23,0,0
BRDA:399,23,1,0
BRDA:439,24,0,0
BRDA:439,24,1,0
BRDA:448,25,0,0
BRDA:448,25,1,0
BRDA:463,26,0,0
BRDA:463,26,1,0
BRDA:465,27,0,0
BRDA:465,27,1,0
BRDA:473,28,0,0
BRDA:473,28,1,0
BRDA:488,29,0,0
BRDA:488,29,1,0
BRDA:597,30,0,0
BRDA:616,31,0,0
BRDA:616,31,1,0
BRDA:621,32,0,0
BRDA:621,32,1,0
BRDA:626,33,0,0
BRDA:626,33,1,0
BRDA:626,34,0,0
BRDA:626,34,1,0
BRDA:648,35,0,0
BRDA:707,36,0,0
BRDA:707,36,1,0
BRDA:714,37,0,0
BRDA:714,37,1,0
BRDA:725,38,0,0
BRDA:725,38,1,0
BRDA:725,39,0,0
BRDA:725,39,1,0
BRDA:731,40,0,0
BRDA:731,40,1,0
BRF:73
BRH:0
end_of_record
